Added Component: Designator=C1(condpolar)
Add component (AddParameter): Name = "Href"; Value = "https://www.chipdip.ru/product0/52234"; VariantName = "[No Variations]"
Add component (AddParameter): Name = "Kind"; Value = "Конденсатор полярный"; VariantName = "[No Variations]"
Add component (AddParameter): Name = "Manufacturer"; Value = "Тайвань"; VariantName = "[No Variations]"
Add component (AddParameter): Name = "PartNumber"; Value = "ECAP22000uF/63V,85°C"; VariantName = "[No Variations]"
Added Component: Designator=C2(Condensator)
Add component (AddParameter): Name = "Href"; Value = "https://www.chipdip.ru/product/grm21br71e104ka01l"; VariantName = "[No Variations]"
Add component (AddParameter): Name = "Kind"; Value = "конденсатор"; VariantName = "[No Variations]"
Add component (AddParameter): Name = "Manufacturer"; Value = "Murata Electronics"; VariantName = "[No Variations]"
Add component (AddParameter): Name = "PartNumber"; Value = "GRM21BR71E104KA01L"; VariantName = "[No Variations]"
Added Component: Designator=C3(Condensator)
Add component (AddParameter): Name = "Href"; Value = "https://www.chipdip.ru/product/grm21br71e104ka01l"; VariantName = "[No Variations]"
Add component (AddParameter): Name = "kind"; Value = "конденсатор"; VariantName = "[No Variations]"
Add component (AddParameter): Name = "Manufacturer"; Value = "Murata Electronics"; VariantName = "[No Variations]"
Add component (AddParameter): Name = "PartNumber"; Value = "GRM21BR71E104KA01L"; VariantName = "[No Variations]"
Added Component: Designator=C4(Condensator)
Add component (AddParameter): Name = "Href"; Value = "https://www.chipdip.ru/product/grm21br71e104ka01l"; VariantName = "[No Variations]"
Add component (AddParameter): Name = "kind"; Value = "конденсатор"; VariantName = "[No Variations]"
Add component (AddParameter): Name = "Manufacturer"; Value = "Murata Electronics"; VariantName = "[No Variations]"
Add component (AddParameter): Name = "PartNumber"; Value = "GRM21BR71E104KA01L"; VariantName = "[No Variations]"
Added Component: Designator=C5(Condensator)
Add component (AddParameter): Name = "Href"; Value = "https://www.chipdip.ru/product/grm21br71e104ka01l"; VariantName = "[No Variations]"
Add component (AddParameter): Name = "kind"; Value = "конденсатор"; VariantName = "[No Variations]"
Add component (AddParameter): Name = "Manufacturer"; Value = "Murata Electronics"; VariantName = "[No Variations]"
Add component (AddParameter): Name = "PartNumber"; Value = "GRM21BR71E104KA01L"; VariantName = "[No Variations]"
Added Component: Designator=F1(FUSE 80)
Add component (AddParameter): Name = "Href"; Value = "https://www.chipdip.ru/product0/8007032559"; VariantName = "[No Variations]"
Add component (AddParameter): Name = "Kind"; Value = "Дроссель"; VariantName = "[No Variations]"
Add component (AddParameter): Name = "Manufacturer"; Value = "Eaton"; VariantName = "[No Variations]"
Add component (AddParameter): Name = "PartNumber"; Value = "80FE"; VariantName = "[No Variations]"
Added Component: Designator=F2(FUSE 80)
Add component (AddParameter): Name = "Href"; Value = "https://www.chipdip.ru/product0/8007032559"; VariantName = "[No Variations]"
Add component (AddParameter): Name = "Kind"; Value = "Дроссель"; VariantName = "[No Variations]"
Add component (AddParameter): Name = "Manufacturer"; Value = "Eaton"; VariantName = "[No Variations]"
Add component (AddParameter): Name = "PartNumber"; Value = "80FE"; VariantName = "[No Variations]"
Added Component: Designator=L1(inductor)
Add component (AddParameter): Name = "Href"; Value = "https://www.chipdip.ru/product0/8008421775"; VariantName = "[No Variations]"
Add component (AddParameter): Name = "Kind"; Value = "Дроссель"; VariantName = "[No Variations]"
Add component (AddParameter): Name = "Manufacturer"; Value = "Kemet Electronics"; VariantName = "[No Variations]"
Add component (AddParameter): Name = "PartNumber"; Value = "SBC6-103-161"; VariantName = "[No Variations]"
Added Component: Designator=L2(inductor)
Add component (AddParameter): Name = "Href"; Value = "https://www.chipdip.ru/product0/8008421775"; VariantName = "[No Variations]"
Add component (AddParameter): Name = "Kind"; Value = "Дроссель"; VariantName = "[No Variations]"
Add component (AddParameter): Name = "Manufacturer"; Value = "Kemet Electronics"; VariantName = "[No Variations]"
Add component (AddParameter): Name = "PurtNumber"; Value = "SBC6-103-161"; VariantName = "[No Variations]"
Added Component: Designator=VD1(DIOD)
Add component (AddParameter): Name = "Href"; Value = "https://www.chipdip.ru/product0/8612399438"; VariantName = "[No Variations]"
Add component (AddParameter): Name = "Kind"; Value = "Диод"; VariantName = "[No Variations]"
Add component (AddParameter): Name = "Manufacturer"; Value = "VISHAY INTERTECHNOLOGY INC."; VariantName = "[No Variations]"
Add component (AddParameter): Name = "Partnumber"; Value = "SMCJ150A-E3/57T"; VariantName = "[No Variations]"
Added Component: Designator=VD2(DIOD)
Add component (AddParameter): Name = "Href"; Value = "https://www.chipdip.ru/product0/8612399438"; VariantName = "[No Variations]"
Add component (AddParameter): Name = "Kind"; Value = "диод"; VariantName = "[No Variations]"
Add component (AddParameter): Name = "Manufacturer"; Value = "VISHAY INTERTECHNOLOGY INC."; VariantName = "[No Variations]"
Add component (AddParameter): Name = "PartNumber"; Value = "SMCJ150A-E3/57T"; VariantName = "[No Variations]"
Added Component: Designator=VD3(DIOD)
Add component (AddParameter): Name = "Href"; Value = "https://www.chipdip.ru/product0/8612399438"; VariantName = "[No Variations]"
Add component (AddParameter): Name = "Kind"; Value = "Диод"; VariantName = "[No Variations]"
Add component (AddParameter): Name = "Manufacturer"; Value = "VISHAY INTERTECHNOLOGY INC."; VariantName = "[No Variations]"
Add component (AddParameter): Name = "PurtNumber"; Value = "SMCJ150A-E3/57T"; VariantName = "[No Variations]"
Added Component: Designator=VD4(DIOD)
Add component (AddParameter): Name = "Href"; Value = "https://www.chipdip.ru/product0/8612399438"; VariantName = "[No Variations]"
Add component (AddParameter): Name = "Kind"; Value = "Диод"; VariantName = "[No Variations]"
Add component (AddParameter): Name = "Manufacturer"; Value = "VISHAY INTERTECHNOLOGY INC."; VariantName = "[No Variations]"
Add component (AddParameter): Name = "PartNumber"; Value = "SMCJ150A-E3/57T"; VariantName = "[No Variations]"
Add Component: Footprint Not Found CON: PLS-5
Add Component: Footprint Not Found CON: DG350-3.5-02P
Added Component: Designator=XP1(AC)
Add component (AddParameter): Name = "CommentText"; Value = ""Разъем""; VariantName = "[No Variations]"
Add component (AddParameter): Name = "CurrentMax"; Value = "3A"; VariantName = "[No Variations]"
Add component (AddParameter): Name = "HelpURL"; Value = "https://www.chipdip.ru/product/wf-3"; VariantName = "[No Variations]"
Add component (AddParameter): Name = "Manufacturer"; Value = "Connfly"; VariantName = "[No Variations]"
Add component (AddParameter): Name = "Multichannel"; Value = "3pin"; VariantName = "[No Variations]"
Add component (AddParameter): Name = "PartNumber"; Value = "WF-3"; VariantName = "[No Variations]"
Add component (AddParameter): Name = "Pitch"; Value = "2.54mm"; VariantName = "[No Variations]"
Add component (AddParameter): Name = "TypeConnector"; Value = "Connector"; VariantName = "[No Variations]"
Add component (AddParameter): Name = "ValueManufacturerPartNumber"; Value = "Connector, 3pin, 2.54mm, 250VAC, 3A"; VariantName = "[No Variations]"
Add component (AddParameter): Name = "VoltageMax"; Value = "250VAC"; VariantName = "[No Variations]"
Added Pin To Net: NetName=NetC1_1 Pin=C1-1
Added Pin To Net: NetName=NetC1_1 Pin=C2-1
Added Pin To Net: NetName=NetC1_1 Pin=C3-1
Added Pin To Net: NetName=NetC1_1 Pin=C4-1
Added Pin To Net: NetName=NetC1_1 Pin=C5-1
Added Pin To Net: NetName=NetC1_1 Pin=VD2-1
Added Pin To Net: NetName=NetC1_1 Pin=VD4-1
Added Pin To Net: NetName=NetC1_1 Pin=XP1-2
Added Net: Name=NetC1_1
Added Pin To Net: NetName=NetC1_2 Pin=C1-2
Added Pin To Net: NetName=NetC1_2 Pin=VD1-2
Added Pin To Net: NetName=NetC1_2 Pin=VD3-2
Added Net: Name=NetC1_2
Added Pin To Net: NetName=NetC2_2 Pin=C2-2
Added Pin To Net: NetName=NetC2_2 Pin=L1-1
Added Net: Name=NetC2_2
Added Pin To Net: NetName=NetC3_2 Pin=C3-2
Added Pin To Net: NetName=NetC3_2 Pin=F2-1
Added Pin To Net: NetName=NetC3_2 Pin=L1-2
Added Net: Name=NetC3_2
Added Pin To Net: NetName=NetC4_2 Pin=C4-2
Added Pin To Net: NetName=NetC4_2 Pin=L2-1
Added Pin To Net: NetName=NetC4_2 Pin=XP1-3
Added Net: Name=NetC4_2
Added Pin To Net: NetName=NetC5_2 Pin=C5-2
Added Pin To Net: NetName=NetC5_2 Pin=L2-2
Added Net: Name=NetC5_2
Added Pin To Net: NetName=NetF1_1 Pin=F1-1
Added Net: Name=NetF1_1
Added Pin To Net: NetName=NetF1_2 Pin=F1-2
Added Pin To Net: NetName=NetF1_2 Pin=VD1-1
Added Pin To Net: NetName=NetF1_2 Pin=VD2-2
Added Net: Name=NetF1_2
Added Pin To Net: NetName=NetF2_2 Pin=F2-2
Added Net: Name=NetF2_2
Added Pin To Net: NetName=NetVD3_1 Pin=VD3-1
Added Pin To Net: NetName=NetVD3_1 Pin=VD4-2
Added Net: Name=NetVD3_1
Added Pin To Net: NetName=NetX2_2 Pin=XP1-1
Added Net: Name=NetX2_2
Added Class: Name=Э3
Added Room: Name=Э3
Added Rule: Name=Schematic Supply Nets
