Added Component: Designator=*(transistor)
Add component (AddParameter): Name = "href"; Value = ""; VariantName = "[No Variations]"
Add component (AddParameter): Name = "manufacture"; Value = ""; VariantName = "[No Variations]"
Add component (AddParameter): Name = "partnamber"; Value = ""; VariantName = "[No Variations]"
Added Component: Designator=*(PCBComponent_1 - duplicate4)
Added Component: Designator=C?(CH0805C)
Add component (AddParameter): Name = "ComponentKind"; Value = ""; VariantName = "[No Variations]"
Add component (AddParameter): Name = "HelpURL"; Value = ""; VariantName = "[No Variations]"
Add component (AddParameter): Name = "Manufacturer"; Value = ""; VariantName = "[No Variations]"
Add component (AddParameter): Name = "Model"; Value = ""; VariantName = "[No Variations]"
Add component (AddParameter): Name = "Value"; Value = "0,047мк‘"; VariantName = "[No Variations]"
Add Component: Footprint Not Found PIN1
Added Component: Designator=R1(Resistor SMD 0805)
Add component (AddParameter): Name = "chrev"; Value = "https://www.chipdip.ru/product0/9000856850"; VariantName = "[No Variations]"
Add component (AddParameter): Name = "Manufacturer"; Value = "ROYAL OHM"; VariantName = "[No Variations]"
Add component (AddParameter): Name = "partnamber"; Value = "KNPA1WJ0471A10"; VariantName = "[No Variations]"
Added Component: Designator=R3(Resistor SMD 0805)
Add component (AddParameter): Name = "chrev"; Value = "https://www.chipdip.ru/product0/9001404636"; VariantName = "[No Variations]"
Add component (AddParameter): Name = "partnamber"; Value = "PMR03SJ0183A19"; VariantName = "[No Variations]"
Add component (AddParameter): Name = "ѕроизводительность"; Value = "–езистор: Power metal, THT, 18кќм, 3¬т, ±5%"; VariantName = "[No Variations]"
Added Component: Designator=R4(Resistor SMD 0805)
Add component (AddParameter): Name = "chrev"; Value = "https://www.chipdip.ru/product/cf-100-s1-4-1w-10-kom-5"; VariantName = "[No Variations]"
Add component (AddParameter): Name = "partnamber"; Value = "CF-1W-10KJ"; VariantName = "[No Variations]"
Add component (AddParameter): Name = "ѕроизводительность"; Value = "10кќм"; VariantName = "[No Variations]"
Added Component: Designator=R5(Resistor SMD 0805)
Add component (AddParameter): Name = "chrev"; Value = "https://www.chipdip.ru/product0/8013449358?from=suggest_product"; VariantName = "[No Variations]"
Add component (AddParameter): Name = "partnamber"; Value = "0805 1% 4K7 RI0805L4701FT"; VariantName = "[No Variations]"
Add component (AddParameter): Name = "ѕроизводительность"; Value = "1% 4K7"; VariantName = "[No Variations]"
Added Component: Designator=R6(Resistor SMD 0805)
Add component (AddParameter): Name = "chrev"; Value = "https://www.chipdip.ru/product/cf-100-s1-4-1w-10-kom-5"; VariantName = "[No Variations]"
Add component (AddParameter): Name = "partnamber"; Value = "CF-1W-10KJ"; VariantName = "[No Variations]"
Add component (AddParameter): Name = "ѕроизводительность"; Value = "10кќм"; VariantName = "[No Variations]"
Added Component: Designator=R7(Resistor SMD 0805)
Add component (AddParameter): Name = "chrev"; Value = "https://www.chipdip.ru/product0/8009027056?from=suggest_product"; VariantName = "[No Variations]"
Add component (AddParameter): Name = "manufacture"; Value = "Hottech"; VariantName = "[No Variations]"
Add component (AddParameter): Name = "partnamber"; Value = "0805 5% 2K7 RI0805L272JT"; VariantName = "[No Variations]"
Add component (AddParameter): Name = "value"; Value = "resistor2.7 кќм-5%-0805"; VariantName = "[No Variations]"
Added Component: Designator=R8(Resistor SMD 0805)
Add component (AddParameter): Name = "chrev"; Value = "https://www.chipdip.ru/product0/8009027047"; VariantName = "[No Variations]"
Add component (AddParameter): Name = "partnamber"; Value = "0805 5% 1K RI0805L102JT"; VariantName = "[No Variations]"
Add component (AddParameter): Name = "ѕроизводительность"; Value = "0805 5% 1K"; VariantName = "[No Variations]"
Added Component: Designator=R9(Resistor SMD 0805)
Add component (AddParameter): Name = "chrev"; Value = "https://www.chipdip.ru/product0/9000856850"; VariantName = "[No Variations]"
Add component (AddParameter): Name = "Manufacturer"; Value = "ROYAL OHM"; VariantName = "[No Variations]"
Add component (AddParameter): Name = "partnamber"; Value = "KNPA1WJ0471A10"; VariantName = "[No Variations]"
Added Component: Designator=R?(RES: 3296W)
Add component (AddParameter): Name = "ComponentKind"; Value = ""; VariantName = "[No Variations]"
Add component (AddParameter): Name = "HelpURL"; Value = ""; VariantName = "[No Variations]"
Add component (AddParameter): Name = "Manufacturer"; Value = ""; VariantName = "[No Variations]"
Add component (AddParameter): Name = "Model"; Value = ""; VariantName = "[No Variations]"
Add component (AddParameter): Name = "Value"; Value = "1кќм"; VariantName = "[No Variations]"
Added Component: Designator=R?(RES: 3296W)
Add component (AddParameter): Name = "ComponentKind"; Value = ""; VariantName = "[No Variations]"
Add component (AddParameter): Name = "HelpURL"; Value = ""; VariantName = "[No Variations]"
Add component (AddParameter): Name = "Manufacturer"; Value = ""; VariantName = "[No Variations]"
Add component (AddParameter): Name = "Model"; Value = ""; VariantName = "[No Variations]"
Add component (AddParameter): Name = "Value"; Value = "1кќм"; VariantName = "[No Variations]"
Added Component: Designator=VD?(SOD523)
Add component (AddParameter): Name = "ComponentKind"; Value = ""; VariantName = "[No Variations]"
Add component (AddParameter): Name = "HelpURL"; Value = ""; VariantName = "[No Variations]"
Add component (AddParameter): Name = "Manufacturer"; Value = ""; VariantName = "[No Variations]"
Add component (AddParameter): Name = "Model"; Value = ""; VariantName = "[No Variations]"
Added Component: Designator=X?(CON: WJ06-02P)
Add component (AddParameter): Name = "ComponentKind"; Value = ""; VariantName = "[No Variations]"
Add component (AddParameter): Name = "HelpURL"; Value = ""; VariantName = "[No Variations]"
Add component (AddParameter): Name = "Manufacturer"; Value = ""; VariantName = "[No Variations]"
Add component (AddParameter): Name = "Model"; Value = ""; VariantName = "[No Variations]"
Added Component: Designator=X?(CON: WJ06-02P)
Add component (AddParameter): Name = "ComponentKind"; Value = ""; VariantName = "[No Variations]"
Add component (AddParameter): Name = "HelpURL"; Value = ""; VariantName = "[No Variations]"
Add component (AddParameter): Name = "Manufacturer"; Value = ""; VariantName = "[No Variations]"
Add component (AddParameter): Name = "Model"; Value = ""; VariantName = "[No Variations]"
Added Component: Designator=X?(CON: WJ06-02P)
Add component (AddParameter): Name = "ComponentKind"; Value = ""; VariantName = "[No Variations]"
Add component (AddParameter): Name = "HelpURL"; Value = ""; VariantName = "[No Variations]"
Add component (AddParameter): Name = "Manufacturer"; Value = ""; VariantName = "[No Variations]"
Add component (AddParameter): Name = "Model"; Value = ""; VariantName = "[No Variations]"
Added Component: Designator=X?(CON: WJ06-02P)
Add component (AddParameter): Name = "ComponentKind"; Value = ""; VariantName = "[No Variations]"
Add component (AddParameter): Name = "HelpURL"; Value = ""; VariantName = "[No Variations]"
Add component (AddParameter): Name = "Manufacturer"; Value = ""; VariantName = "[No Variations]"
Add component (AddParameter): Name = "Model"; Value = ""; VariantName = "[No Variations]"
Added Component: Designator=X?(CON: WJ06-02P)
Add component (AddParameter): Name = "ComponentKind"; Value = ""; VariantName = "[No Variations]"
Add component (AddParameter): Name = "HelpURL"; Value = ""; VariantName = "[No Variations]"
Add component (AddParameter): Name = "Manufacturer"; Value = ""; VariantName = "[No Variations]"
Add component (AddParameter): Name = "Model"; Value = ""; VariantName = "[No Variations]"
Added Component: Designator=X?(CON: WJ06-02P)
Add component (AddParameter): Name = "ComponentKind"; Value = ""; VariantName = "[No Variations]"
Add component (AddParameter): Name = "HelpURL"; Value = ""; VariantName = "[No Variations]"
Add component (AddParameter): Name = "Manufacturer"; Value = ""; VariantName = "[No Variations]"
Add component (AddParameter): Name = "Model"; Value = ""; VariantName = "[No Variations]"
Added Component: Designator=X?(CON: WJ06-02P)
Add component (AddParameter): Name = "ComponentKind"; Value = ""; VariantName = "[No Variations]"
Add component (AddParameter): Name = "HelpURL"; Value = ""; VariantName = "[No Variations]"
Add component (AddParameter): Name = "Manufacturer"; Value = ""; VariantName = "[No Variations]"
Add component (AddParameter): Name = "Model"; Value = ""; VariantName = "[No Variations]"
Added Component: Designator=X?(CON: WJ06-02P)
Add component (AddParameter): Name = "ComponentKind"; Value = ""; VariantName = "[No Variations]"
Add component (AddParameter): Name = "HelpURL"; Value = ""; VariantName = "[No Variations]"
Add component (AddParameter): Name = "Manufacturer"; Value = ""; VariantName = "[No Variations]"
Add component (AddParameter): Name = "Model"; Value = ""; VariantName = "[No Variations]"
Added Pin To Net: NetName=GND Pin=*-3
Added Pin To Net: NetName=GND Pin=C?-2
Added Pin To Net: NetName=GND Pin=R?-2
Added Pin To Net: NetName=GND Pin=R?-3
Added Pin To Net: NetName=GND Pin=VD?-1
Added Pin To Net: NetName=GND Pin=X?-2
Added Pin To Net: NetName=GND Pin=X?-2
Added Pin To Net: NetName=GND Pin=X?-2
Added Pin To Net: NetName=GND Pin=X?-2
Added Net: Name=GND
Added Net: Name=Net*_0
Added Pin To Net: NetName=Net*_1 Pin=*-1
Added Net: Name=Net*_1
Added Pin To Net: NetName=Net*_2 Pin=*-2
Added Net: Name=Net*_2
Added Pin To Net: NetName=Net*_4 Pin=C?-1
Added Net: Name=Net*_4
Added Pin To Net: NetName=NetP2_1 Pin=X?-1
Added Pin To Net: NetName=NetP2_1 Pin=X?-1
Added Net: Name=NetP2_1
Added Pin To Net: NetName=NetR1_2 Pin=R?-1
Added Pin To Net: NetName=NetR1_2 Pin=VD?-2
Added Net: Name=NetR1_2
Added Pin To Net: NetName=NetR3_3 Pin=R?-1
Added Pin To Net: NetName=NetR3_3 Pin=X?-1
Added Net: Name=NetR3_3
Added Pin To Net: NetName=NetR6_3 Pin=R?-3
Added Pin To Net: NetName=NetR6_3 Pin=X?-1
Added Net: Name=NetR6_3
Added Pin To Net: NetName=NetX?_1 Pin=X?-1
Added Pin To Net: NetName=NetX?_1 Pin=X?-2
Added Net: Name=NetX?_1
Add Net: Net with name "NetX?_1" already exists
Add Net: Net with name "NetX?_1" already exists
Add Net: Net with name "NetX?_1" already exists
Added Class: Name=Ё3
Added Room: Name=Ё3
Added Rule: Name=Schematic Supply Nets
