Added Component: Designator=*(PCBComponent_1 - duplicate4)
Added Component: Designator=*(transistor)
Add component (AddParameter): Name = "href"; Value = ""; VariantName = "[No Variations]"
Add component (AddParameter): Name = "manufacture"; Value = ""; VariantName = "[No Variations]"
Add component (AddParameter): Name = "partnamber"; Value = ""; VariantName = "[No Variations]"
Added Component: Designator=C1(CH0805C)
Add component (AddParameter): Name = "ComponentKind"; Value = ""; VariantName = "[No Variations]"
Add component (AddParameter): Name = "HelpURL"; Value = ""; VariantName = "[No Variations]"
Add component (AddParameter): Name = "Manufacturer"; Value = ""; VariantName = "[No Variations]"
Add component (AddParameter): Name = "Model"; Value = ""; VariantName = "[No Variations]"
Add component (AddParameter): Name = "Value"; Value = "0,047мк‘"; VariantName = "[No Variations]"
Added Component: Designator=R1(Resistor SMD 0805)
Add component (AddParameter): Name = "chrev"; Value = "https://www.chipdip.ru/product0/9000856850"; VariantName = "[No Variations]"
Add component (AddParameter): Name = "Manufacturer"; Value = "ROYAL OHM"; VariantName = "[No Variations]"
Add component (AddParameter): Name = "partnamber"; Value = "KNPA1WJ0471A10"; VariantName = "[No Variations]"
Added Component: Designator=R2(RES: 3296W)
Add component (AddParameter): Name = "ComponentKind"; Value = ""; VariantName = "[No Variations]"
Add component (AddParameter): Name = "HelpURL"; Value = ""; VariantName = "[No Variations]"
Add component (AddParameter): Name = "Manufacturer"; Value = ""; VariantName = "[No Variations]"
Add component (AddParameter): Name = "Model"; Value = ""; VariantName = "[No Variations]"
Add component (AddParameter): Name = "Value"; Value = "1кќм"; VariantName = "[No Variations]"
Added Component: Designator=R3(Resistor SMD 0805)
Add component (AddParameter): Name = "chrev"; Value = "https://www.chipdip.ru/product0/9001404636"; VariantName = "[No Variations]"
Add component (AddParameter): Name = "partnamber"; Value = "PMR03SJ0183A19"; VariantName = "[No Variations]"
Add component (AddParameter): Name = "ѕроизводительность"; Value = "–езистор: Power metal, THT, 18кќм, 3¬т, ±5%"; VariantName = "[No Variations]"
Added Component: Designator=R4(Resistor SMD 0805)
Add component (AddParameter): Name = "chrev"; Value = "https://www.chipdip.ru/product/cf-100-s1-4-1w-10-kom-5"; VariantName = "[No Variations]"
Add component (AddParameter): Name = "partnamber"; Value = "CF-1W-10KJ"; VariantName = "[No Variations]"
Add component (AddParameter): Name = "ѕроизводительность"; Value = "10кќм"; VariantName = "[No Variations]"
Added Component: Designator=R5(Resistor SMD 0805)
Add component (AddParameter): Name = "chrev"; Value = "https://www.chipdip.ru/product0/8013449358?from=suggest_product"; VariantName = "[No Variations]"
Add component (AddParameter): Name = "partnamber"; Value = "0805 1% 4K7 RI0805L4701FT"; VariantName = "[No Variations]"
Add component (AddParameter): Name = "ѕроизводительность"; Value = "1% 4K7"; VariantName = "[No Variations]"
Added Component: Designator=R6(Resistor SMD 0805)
Add component (AddParameter): Name = "chrev"; Value = "https://www.chipdip.ru/product/cf-100-s1-4-1w-10-kom-5"; VariantName = "[No Variations]"
Add component (AddParameter): Name = "partnamber"; Value = "CF-1W-10KJ"; VariantName = "[No Variations]"
Add component (AddParameter): Name = "ѕроизводительность"; Value = "10кќм"; VariantName = "[No Variations]"
Added Component: Designator=R7(Resistor SMD 0805)
Add component (AddParameter): Name = "chrev"; Value = "https://www.chipdip.ru/product0/8009027056?from=suggest_product"; VariantName = "[No Variations]"
Add component (AddParameter): Name = "manufacture"; Value = "Hottech"; VariantName = "[No Variations]"
Add component (AddParameter): Name = "partnamber"; Value = "0805 5% 2K7 RI0805L272JT"; VariantName = "[No Variations]"
Add component (AddParameter): Name = "value"; Value = "resistor2.7 кќм-5%-0805"; VariantName = "[No Variations]"
Added Component: Designator=R8(Resistor SMD 0805)
Add component (AddParameter): Name = "chrev"; Value = "https://www.chipdip.ru/product0/8009027047"; VariantName = "[No Variations]"
Add component (AddParameter): Name = "partnamber"; Value = "0805 5% 1K RI0805L102JT"; VariantName = "[No Variations]"
Add component (AddParameter): Name = "ѕроизводительность"; Value = "0805 5% 1K"; VariantName = "[No Variations]"
Added Component: Designator=R9(Resistor SMD 0805)
Add component (AddParameter): Name = "chrev"; Value = "https://www.chipdip.ru/product0/9000856850"; VariantName = "[No Variations]"
Add component (AddParameter): Name = "Manufacturer"; Value = "ROYAL OHM"; VariantName = "[No Variations]"
Add component (AddParameter): Name = "partnamber"; Value = "KNPA1WJ0471A10"; VariantName = "[No Variations]"
Added Component: Designator=R10(RES: 3296W)
Add component (AddParameter): Name = "ComponentKind"; Value = ""; VariantName = "[No Variations]"
Add component (AddParameter): Name = "HelpURL"; Value = ""; VariantName = "[No Variations]"
Add component (AddParameter): Name = "Manufacturer"; Value = ""; VariantName = "[No Variations]"
Add component (AddParameter): Name = "Model"; Value = ""; VariantName = "[No Variations]"
Add component (AddParameter): Name = "Value"; Value = "1кќм"; VariantName = "[No Variations]"
Added Component: Designator=VD1(SOD523)
Add component (AddParameter): Name = "ComponentKind"; Value = ""; VariantName = "[No Variations]"
Add component (AddParameter): Name = "HelpURL"; Value = ""; VariantName = "[No Variations]"
Add component (AddParameter): Name = "Manufacturer"; Value = ""; VariantName = "[No Variations]"
Add component (AddParameter): Name = "Model"; Value = ""; VariantName = "[No Variations]"
Added Component: Designator=X1(CON: 300-02P-5.0)
Add component (AddParameter): Name = "ComponentKind"; Value = ""; VariantName = "[No Variations]"
Add component (AddParameter): Name = "HelpURL"; Value = ""; VariantName = "[No Variations]"
Add component (AddParameter): Name = "Manufacturer"; Value = ""; VariantName = "[No Variations]"
Add component (AddParameter): Name = "Model"; Value = ""; VariantName = "[No Variations]"
Added Component: Designator=X2(CON: 300-02P-5.0)
Add component (AddParameter): Name = "ComponentKind"; Value = ""; VariantName = "[No Variations]"
Add component (AddParameter): Name = "HelpURL"; Value = ""; VariantName = "[No Variations]"
Add component (AddParameter): Name = "Manufacturer"; Value = ""; VariantName = "[No Variations]"
Add component (AddParameter): Name = "Model"; Value = ""; VariantName = "[No Variations]"
Added Component: Designator=X3(CON: 300-02P-5.0)
Add component (AddParameter): Name = "ComponentKind"; Value = ""; VariantName = "[No Variations]"
Add component (AddParameter): Name = "HelpURL"; Value = ""; VariantName = "[No Variations]"
Add component (AddParameter): Name = "Manufacturer"; Value = ""; VariantName = "[No Variations]"
Add component (AddParameter): Name = "Model"; Value = ""; VariantName = "[No Variations]"
Added Component: Designator=X4(CON: 300-02P-5.0)
Add component (AddParameter): Name = "ComponentKind"; Value = ""; VariantName = "[No Variations]"
Add component (AddParameter): Name = "HelpURL"; Value = ""; VariantName = "[No Variations]"
Add component (AddParameter): Name = "Manufacturer"; Value = ""; VariantName = "[No Variations]"
Add component (AddParameter): Name = "Model"; Value = ""; VariantName = "[No Variations]"
Added Component: Designator=X5(CON: 300-02P-5.0)
Add component (AddParameter): Name = "ComponentKind"; Value = ""; VariantName = "[No Variations]"
Add component (AddParameter): Name = "HelpURL"; Value = ""; VariantName = "[No Variations]"
Add component (AddParameter): Name = "Manufacturer"; Value = ""; VariantName = "[No Variations]"
Add component (AddParameter): Name = "Model"; Value = ""; VariantName = "[No Variations]"
Added Component: Designator=X6(CON: PADS 1x1mm)
Add component (AddParameter): Name = "ComponentKind"; Value = ""; VariantName = "[No Variations]"
Add component (AddParameter): Name = "HelpURL"; Value = ""; VariantName = "[No Variations]"
Add component (AddParameter): Name = "Manufacturer"; Value = ""; VariantName = "[No Variations]"
Add component (AddParameter): Name = "Model"; Value = ""; VariantName = "[No Variations]"
Added Component: Designator=X7(CON: 300-02P-5.0)
Add component (AddParameter): Name = "ComponentKind"; Value = ""; VariantName = "[No Variations]"
Add component (AddParameter): Name = "HelpURL"; Value = ""; VariantName = "[No Variations]"
Add component (AddParameter): Name = "Manufacturer"; Value = ""; VariantName = "[No Variations]"
Add component (AddParameter): Name = "Model"; Value = ""; VariantName = "[No Variations]"
Added Component: Designator=X8(CON: 300-02P-5.0)
Add component (AddParameter): Name = "ComponentKind"; Value = ""; VariantName = "[No Variations]"
Add component (AddParameter): Name = "HelpURL"; Value = ""; VariantName = "[No Variations]"
Add component (AddParameter): Name = "Manufacturer"; Value = ""; VariantName = "[No Variations]"
Add component (AddParameter): Name = "Model"; Value = ""; VariantName = "[No Variations]"
Added Component: Designator=X9(CON: 300-02P-5.0)
Add component (AddParameter): Name = "ComponentKind"; Value = ""; VariantName = "[No Variations]"
Add component (AddParameter): Name = "HelpURL"; Value = ""; VariantName = "[No Variations]"
Add component (AddParameter): Name = "Manufacturer"; Value = ""; VariantName = "[No Variations]"
Add component (AddParameter): Name = "Model"; Value = ""; VariantName = "[No Variations]"
Added Pin To Net: NetName=GND Pin=*-3
Added Pin To Net: NetName=GND Pin=C1-2
Added Pin To Net: NetName=GND Pin=R2-2
Added Pin To Net: NetName=GND Pin=R10-3
Added Pin To Net: NetName=GND Pin=VD1-1
Added Pin To Net: NetName=GND Pin=X5-2
Added Pin To Net: NetName=GND Pin=X7-2
Added Pin To Net: NetName=GND Pin=X8-2
Added Pin To Net: NetName=GND Pin=X9-2
Added Net: Name=GND
Added Net: Name=Net*_0
Added Pin To Net: NetName=Net*_1 Pin=*-1
Added Net: Name=Net*_1
Added Pin To Net: NetName=Net*_2 Pin=*-2
Added Net: Name=Net*_2
Added Pin To Net: NetName=Net*_4 Pin=C1-1
Added Net: Name=Net*_4
Added Pin To Net: NetName=NetR1_2 Pin=R2-1
Added Pin To Net: NetName=NetR1_2 Pin=VD1-2
Added Net: Name=NetR1_2
Added Pin To Net: NetName=NetR1_3 Pin=X1-1
Added Pin To Net: NetName=NetR1_3 Pin=X6-1
Added Pin To Net: NetName=NetR1_3 Pin=X7-1
Added Net: Name=NetR1_3
Added Pin To Net: NetName=NetR2_3 Pin=R2-3
Added Pin To Net: NetName=NetR2_3 Pin=X9-1
Added Net: Name=NetR2_3
Added Pin To Net: NetName=NetR3_3 Pin=R10-1
Added Pin To Net: NetName=NetR3_3 Pin=X8-1
Added Net: Name=NetR3_3
Added Pin To Net: NetName=NetX1_2 Pin=X1-2
Added Pin To Net: NetName=NetX1_2 Pin=X2-1
Added Net: Name=NetX1_2
Added Pin To Net: NetName=NetX2_2 Pin=X2-2
Added Pin To Net: NetName=NetX2_2 Pin=X3-1
Added Net: Name=NetX2_2
Added Pin To Net: NetName=NetX3_2 Pin=X3-2
Added Pin To Net: NetName=NetX3_2 Pin=X4-1
Added Net: Name=NetX3_2
Added Pin To Net: NetName=NetX4_2 Pin=X4-2
Added Pin To Net: NetName=NetX4_2 Pin=X5-1
Added Net: Name=NetX4_2
Added Class: Name=Ё3
Added Room: Name=Ё3
Added Rule: Name=Schematic Supply Nets
