Added Component: Designator=1(transistor)
Add component. Clean all parameters for all variants
Add component (AddParameter): Name = "href"; Value = ""; VariantName = "[No Variations]"
Add component (AddParameter): Name = "manufacture"; Value = ""; VariantName = "[No Variations]"
Add component (AddParameter): Name = "partnamber"; Value = ""; VariantName = "[No Variations]"
Added Component: Designator=C1(CH0805C)
Add component. Clean all parameters for all variants
Add component (AddParameter): Name = "ComponentKind"; Value = ""; VariantName = "[No Variations]"
Add component (AddParameter): Name = "HelpURL"; Value = ""; VariantName = "[No Variations]"
Add component (AddParameter): Name = "Manufacturer"; Value = ""; VariantName = "[No Variations]"
Add component (AddParameter): Name = "Model"; Value = ""; VariantName = "[No Variations]"
Add component (AddParameter): Name = "Value"; Value = ""; VariantName = "[No Variations]"
Added Component: Designator=R1(Resistor SMD 0805)
Add component. Clean all parameters for all variants
Add component (AddParameter): Name = "chrev"; Value = ""; VariantName = "[No Variations]"
Add component (AddParameter): Name = "partnamber"; Value = ""; VariantName = "[No Variations]"
Add component (AddParameter): Name = "Производительность"; Value = ""; VariantName = "[No Variations]"
Added Component: Designator=R3(Resistor SMD 0805)
Add component. Clean all parameters for all variants
Add component (AddParameter): Name = "chrev"; Value = ""; VariantName = "[No Variations]"
Add component (AddParameter): Name = "partnamber"; Value = ""; VariantName = "[No Variations]"
Add component (AddParameter): Name = "Производительность"; Value = ""; VariantName = "[No Variations]"
Added Component: Designator=R4(Resistor SMD 0805)
Add component. Clean all parameters for all variants
Add component (AddParameter): Name = "chrev"; Value = ""; VariantName = "[No Variations]"
Add component (AddParameter): Name = "partnamber"; Value = ""; VariantName = "[No Variations]"
Add component (AddParameter): Name = "Производительность"; Value = ""; VariantName = "[No Variations]"
Added Component: Designator=R5(Resistor SMD 0805)
Add component. Clean all parameters for all variants
Add component (AddParameter): Name = "chrev"; Value = ""; VariantName = "[No Variations]"
Add component (AddParameter): Name = "partnamber"; Value = ""; VariantName = "[No Variations]"
Add component (AddParameter): Name = "Производительность"; Value = ""; VariantName = "[No Variations]"
Added Component: Designator=R6(Resistor SMD 0805)
Add component. Clean all parameters for all variants
Add component (AddParameter): Name = "chrev"; Value = ""; VariantName = "[No Variations]"
Add component (AddParameter): Name = "partnamber"; Value = ""; VariantName = "[No Variations]"
Add component (AddParameter): Name = "Производительность"; Value = ""; VariantName = "[No Variations]"
Added Component: Designator=R7(Resistor SMD 0805)
Add component. Clean all parameters for all variants
Add component (AddParameter): Name = "chrev"; Value = ""; VariantName = "[No Variations]"
Add component (AddParameter): Name = "partnamber"; Value = ""; VariantName = "[No Variations]"
Add component (AddParameter): Name = "Производительность"; Value = ""; VariantName = "[No Variations]"
Added Component: Designator=R8(Resistor SMD 0805)
Add component. Clean all parameters for all variants
Add component (AddParameter): Name = "chrev"; Value = ""; VariantName = "[No Variations]"
Add component (AddParameter): Name = "partnamber"; Value = ""; VariantName = "[No Variations]"
Add component (AddParameter): Name = "Производительность"; Value = ""; VariantName = "[No Variations]"
Added Component: Designator=R9(Resistor SMD 0805)
Add component. Clean all parameters for all variants
Add component (AddParameter): Name = "chrev"; Value = ""; VariantName = "[No Variations]"
Add component (AddParameter): Name = "partnamber"; Value = ""; VariantName = "[No Variations]"
Add component (AddParameter): Name = "Производительность"; Value = ""; VariantName = "[No Variations]"
Added Component: Designator=U1(PCBComponent_1 - duplicate4)
Add component. Clean all parameters for all variants
Added Component: Designator=VD1(SOD523)
Add component. Clean all parameters for all variants
Add component (AddParameter): Name = "ComponentKind"; Value = ""; VariantName = "[No Variations]"
Add component (AddParameter): Name = "HelpURL"; Value = ""; VariantName = "[No Variations]"
Add component (AddParameter): Name = "Manufacturer"; Value = ""; VariantName = "[No Variations]"
Add component (AddParameter): Name = "Model"; Value = ""; VariantName = "[No Variations]"
Added Component: Designator=X1(CON: 300-02P-5.0)
Add component. Clean all parameters for all variants
Add component (AddParameter): Name = "ComponentKind"; Value = ""; VariantName = "[No Variations]"
Add component (AddParameter): Name = "HelpURL"; Value = ""; VariantName = "[No Variations]"
Add component (AddParameter): Name = "Manufacturer"; Value = ""; VariantName = "[No Variations]"
Add component (AddParameter): Name = "Model"; Value = ""; VariantName = "[No Variations]"
Added Component: Designator=X2(CON: 300-02P-5.0)
Add component. Clean all parameters for all variants
Add component (AddParameter): Name = "ComponentKind"; Value = ""; VariantName = "[No Variations]"
Add component (AddParameter): Name = "HelpURL"; Value = ""; VariantName = "[No Variations]"
Add component (AddParameter): Name = "Manufacturer"; Value = ""; VariantName = "[No Variations]"
Add component (AddParameter): Name = "Model"; Value = ""; VariantName = "[No Variations]"
Added Component: Designator=X3(CON: 300-02P-5.0)
Add component. Clean all parameters for all variants
Add component (AddParameter): Name = "ComponentKind"; Value = ""; VariantName = "[No Variations]"
Add component (AddParameter): Name = "HelpURL"; Value = ""; VariantName = "[No Variations]"
Add component (AddParameter): Name = "Manufacturer"; Value = ""; VariantName = "[No Variations]"
Add component (AddParameter): Name = "Model"; Value = ""; VariantName = "[No Variations]"
Added Component: Designator=X4(CON: 300-02P-5.0)
Add component. Clean all parameters for all variants
Add component (AddParameter): Name = "ComponentKind"; Value = ""; VariantName = "[No Variations]"
Add component (AddParameter): Name = "HelpURL"; Value = ""; VariantName = "[No Variations]"
Add component (AddParameter): Name = "Manufacturer"; Value = ""; VariantName = "[No Variations]"
Add component (AddParameter): Name = "Model"; Value = ""; VariantName = "[No Variations]"
Added Component: Designator=X5(CON: 300-02P-5.0)
Add component. Clean all parameters for all variants
Add component (AddParameter): Name = "ComponentKind"; Value = ""; VariantName = "[No Variations]"
Add component (AddParameter): Name = "HelpURL"; Value = ""; VariantName = "[No Variations]"
Add component (AddParameter): Name = "Manufacturer"; Value = ""; VariantName = "[No Variations]"
Add component (AddParameter): Name = "Model"; Value = ""; VariantName = "[No Variations]"
Added Component: Designator=X6(CON: PADS 1x1mm)
Add component. Clean all parameters for all variants
Add component (AddParameter): Name = "ComponentKind"; Value = ""; VariantName = "[No Variations]"
Add component (AddParameter): Name = "HelpURL"; Value = ""; VariantName = "[No Variations]"
Add component (AddParameter): Name = "Manufacturer"; Value = ""; VariantName = "[No Variations]"
Add component (AddParameter): Name = "Model"; Value = ""; VariantName = "[No Variations]"
Added Component: Designator=X7(CON: 300-02P-5.0)
Add component. Clean all parameters for all variants
Add component (AddParameter): Name = "ComponentKind"; Value = ""; VariantName = "[No Variations]"
Add component (AddParameter): Name = "HelpURL"; Value = ""; VariantName = "[No Variations]"
Add component (AddParameter): Name = "Manufacturer"; Value = ""; VariantName = "[No Variations]"
Add component (AddParameter): Name = "Model"; Value = ""; VariantName = "[No Variations]"
Added Component: Designator=X8(CON: 300-02P-5.0)
Add component. Clean all parameters for all variants
Add component (AddParameter): Name = "ComponentKind"; Value = ""; VariantName = "[No Variations]"
Add component (AddParameter): Name = "HelpURL"; Value = ""; VariantName = "[No Variations]"
Add component (AddParameter): Name = "Manufacturer"; Value = ""; VariantName = "[No Variations]"
Add component (AddParameter): Name = "Model"; Value = ""; VariantName = "[No Variations]"
Added Component: Designator=X9(CON: 300-02P-5.0)
Add component. Clean all parameters for all variants
Add component (AddParameter): Name = "ComponentKind"; Value = ""; VariantName = "[No Variations]"
Add component (AddParameter): Name = "HelpURL"; Value = ""; VariantName = "[No Variations]"
Add component (AddParameter): Name = "Manufacturer"; Value = ""; VariantName = "[No Variations]"
Add component (AddParameter): Name = "Model"; Value = ""; VariantName = "[No Variations]"
Added Component: Designator=С1(PCBComponent_1 - duplicate2)
Add component. Clean all parameters for all variants
Add component (AddParameter): Name = "href"; Value = "https://www.chipdip.ru/product0/8005615214?from=suggest_product"; VariantName = "[No Variations]"
Add component (AddParameter): Name = "manufacture"; Value = "Nichicon Corp."; VariantName = "[No Variations]"
Add component (AddParameter): Name = "partnamber"; Value = "LNR2A224MSE"; VariantName = "[No Variations]"
Added Pin To Net: NetName=GND Pin=1-3
Added Pin To Net: NetName=GND Pin=C1-2
Added Pin To Net: NetName=GND Pin=VD1-1
Added Pin To Net: NetName=GND Pin=X5-2
Added Pin To Net: NetName=GND Pin=X7-2
Added Pin To Net: NetName=GND Pin=X8-2
Added Pin To Net: NetName=GND Pin=X9-2
Added Net: Name=GND
Added Pin To Net: NetName=Net1_4 Pin=C1-1
Added Net: Name=Net1_4
Added Pin To Net: NetName=NetR1_2 Pin=VD1-2
Added Pin To Net: NetName=NetR1_2 Pin=С1-2
Added Net: Name=NetR1_2
Added Pin To Net: NetName=NetR1_3 Pin=X1-1
Added Pin To Net: NetName=NetR1_3 Pin=X6-1
Added Pin To Net: NetName=NetR1_3 Pin=X7-1
Added Net: Name=NetR1_3
Added Pin To Net: NetName=NetR2_3 Pin=X9-1
Added Net: Name=NetR2_3
Added Pin To Net: NetName=NetR3_3 Pin=X8-1
Added Net: Name=NetR3_3
Added Pin To Net: NetName=NetR4_2 Pin=U1-1
Added Net: Name=NetR4_2
Added Net: Name=NetR5_3
Added Pin To Net: NetName=NetR6_2 Pin=U1-2
Added Net: Name=NetR6_2
Added Pin To Net: NetName=NetX1_2 Pin=X1-2
Added Pin To Net: NetName=NetX1_2 Pin=X2-1
Added Net: Name=NetX1_2
Added Pin To Net: NetName=NetX2_2 Pin=X2-2
Added Pin To Net: NetName=NetX2_2 Pin=X3-1
Added Net: Name=NetX2_2
Added Pin To Net: NetName=NetX3_2 Pin=X3-2
Added Pin To Net: NetName=NetX3_2 Pin=X4-1
Added Net: Name=NetX3_2
Added Pin To Net: NetName=NetX4_2 Pin=X4-2
Added Pin To Net: NetName=NetX4_2 Pin=X5-1
Added Net: Name=NetX4_2
Added Class: Name=Э3
Added Room: Name=Э3
