Added Component: Designator=C1(capacitor_0805)
Add component (AddParameter): Name = "Href"; Value = "https://www.chipdip.ru/product/grm2165c1h100j"; VariantName = "[No Variations]"
Add component (AddParameter): Name = "Kind"; Value = "Capacitor"; VariantName = "[No Variations]"
Add component (AddParameter): Name = "Manufacturer"; Value = "Murata Electronics"; VariantName = "[No Variations]"
Add component (AddParameter): Name = "PartNumber"; Value = "GRM2165C1H100JZ01D"; VariantName = "[No Variations]"
Add component (AddParameter): Name = "Value"; Value = "10пФ-5%-50В-0805"; VariantName = "[No Variations]"
Added Component: Designator=C2(capacitor_0805)
Add component (AddParameter): Name = "Href"; Value = "https://www.chipdip.ru/product/grm2165c1h471j"; VariantName = "[No Variations]"
Add component (AddParameter): Name = "Kind"; Value = "Capacitor"; VariantName = "[No Variations]"
Add component (AddParameter): Name = "Manufacturer"; Value = "Murata Electronics"; VariantName = "[No Variations]"
Add component (AddParameter): Name = "PartNumber"; Value = "GRM2165C1H471JA01D"; VariantName = "[No Variations]"
Add component (AddParameter): Name = "Value"; Value = "470пФ-5%-50В-0805"; VariantName = "[No Variations]"
Added Component: Designator=C3(capacitor_0805)
Add component (AddParameter): Name = "Href"; Value = "https://www.chipdip.ru/product0/690402999"; VariantName = "[No Variations]"
Add component (AddParameter): Name = "Kind"; Value = "Capacitor"; VariantName = "[No Variations]"
Add component (AddParameter): Name = "Manufacturer"; Value = "Тайвань"; VariantName = "[No Variations]"
Add component (AddParameter): Name = "PartNumber"; Value = "MLCC160pFNPO50V5%0805"; VariantName = "[No Variations]"
Add component (AddParameter): Name = "Value"; Value = "160пФ-5%-50В-0805"; VariantName = "[No Variations]"
Added Component: Designator=C4(capacitor_0805)
Add component (AddParameter): Name = "Href"; Value = "https://www.chipdip.ru/product/grm2165c1h102j"; VariantName = "[No Variations]"
Add component (AddParameter): Name = "Kind"; Value = "Capacitor"; VariantName = "[No Variations]"
Add component (AddParameter): Name = "Manufacturer"; Value = "Murata Electronics"; VariantName = "[No Variations]"
Add component (AddParameter): Name = "PartNumber"; Value = "GRM2165C1H102JA01D"; VariantName = "[No Variations]"
Add component (AddParameter): Name = "Value"; Value = "1000пФ-5%-50В-0805"; VariantName = "[No Variations]"
Added Component: Designator=C5(capacitor_0805)
Add component (AddParameter): Name = "Href"; Value = "https://www.chipdip.ru/product/grm2165c1h222j"; VariantName = "[No Variations]"
Add component (AddParameter): Name = "Kind"; Value = "Capacitor"; VariantName = "[No Variations]"
Add component (AddParameter): Name = "Manufacturer"; Value = "Murata Electronics"; VariantName = "[No Variations]"
Add component (AddParameter): Name = "PartNumber"; Value = "GRM2165C1H222JA01D"; VariantName = "[No Variations]"
Add component (AddParameter): Name = "Value"; Value = "2200пФ-5%-50В-0805"; VariantName = "[No Variations]"
Added Component: Designator=C6(capacitor_0805)
Add component (AddParameter): Name = "Href"; Value = "https://www.chipdip.ru/product0/636411021"; VariantName = "[No Variations]"
Add component (AddParameter): Name = "Kind"; Value = "Capacitor"; VariantName = "[No Variations]"
Add component (AddParameter): Name = "Manufacturer"; Value = "Тайвань"; VariantName = "[No Variations]"
Add component (AddParameter): Name = "PartNumber"; Value = "MLCC110pFNPO50V5%0805"; VariantName = "[No Variations]"
Add component (AddParameter): Name = "Value"; Value = "110пФ-5%-50В-0805"; VariantName = "[No Variations]"
Added Component: Designator=C7(capacitor_0603)
Add component (AddParameter): Name = "Href"; Value = "https://www.chipdip.ru/product0/8007540631"; VariantName = "[No Variations]"
Add component (AddParameter): Name = "Kind"; Value = "Capacitor"; VariantName = "[No Variations]"
Add component (AddParameter): Name = "Manufacturer"; Value = "Knowles Novacap"; VariantName = "[No Variations]"
Add component (AddParameter): Name = "PartNumber"; Value = "C06BL851X-1SN-X0T"; VariantName = "[No Variations]"
Add component (AddParameter): Name = "Value"; Value = "850пФ-5%-50В-0603"; VariantName = "[No Variations]"
Added Component: Designator=C8(capacitor_0805)
Add component (AddParameter): Name = "Href"; Value = "https://www.chipdip.ru/product/grm21br71h104k"; VariantName = "[No Variations]"
Add component (AddParameter): Name = "Kind"; Value = "Capacitor"; VariantName = "[No Variations]"
Add component (AddParameter): Name = "Manufacturer"; Value = "Murata Electronics"; VariantName = "[No Variations]"
Add component (AddParameter): Name = "PartNumber"; Value = "GRM21BR71H104KA01L"; VariantName = "[No Variations]"
Add component (AddParameter): Name = "Value"; Value = "0.1мкФ-10%-50В-0805"; VariantName = "[No Variations]"
Added Component: Designator=C9(capacitor_0805)
Add component (AddParameter): Name = "Href"; Value = "https://www.chipdip.ru/product/grm21br71h104k"; VariantName = "[No Variations]"
Add component (AddParameter): Name = "Kind"; Value = "Capacitor"; VariantName = "[No Variations]"
Add component (AddParameter): Name = "Manufacturer"; Value = "Murata Electronics"; VariantName = "[No Variations]"
Add component (AddParameter): Name = "PartNumber"; Value = "GRM21BR71H104KA01L"; VariantName = "[No Variations]"
Add component (AddParameter): Name = "Value"; Value = "0.1мкФ-10%-50В-0805"; VariantName = "[No Variations]"
Added Component: Designator=K1(RELAY_IM03GR)
Add component (AddParameter): Name = "Href"; Value = "https://www.chipdip.ru/product/1-1462037-4-im03gr"; VariantName = "[No Variations]"
Add component (AddParameter): Name = "Kind"; Value = "Relay"; VariantName = "[No Variations]"
Add component (AddParameter): Name = "Manufacturer"; Value = "1-1462037-4 (IM03GR)"; VariantName = "[No Variations]"
Add component (AddParameter): Name = "PartNumber"; Value = "1-1462037-4 (IM03GR)"; VariantName = "[No Variations]"
Added Component: Designator=K2(RELAY_IM03GR)
Add component (AddParameter): Name = "Href"; Value = "https://www.chipdip.ru/product/1-1462037-4-im03gr"; VariantName = "[No Variations]"
Add component (AddParameter): Name = "Kind"; Value = "Relay"; VariantName = "[No Variations]"
Add component (AddParameter): Name = "Manufacturer"; Value = "1-1462037-4 (IM03GR)"; VariantName = "[No Variations]"
Add component (AddParameter): Name = "PartNumber"; Value = "1-1462037-4 (IM03GR)"; VariantName = "[No Variations]"
Added Component: Designator=L1(inductor_0810)
Add component (AddParameter): Name = "Href"; Value = "https://aliexpress.ru/item/1005005459804767.html?sku_id=12000033167843835&spm=a2g2w.productlist.search_results.6.1bc373f3ryn7OB"; VariantName = "[No Variations]"
Add component (AddParameter): Name = "Kind"; Value = "Inductor"; VariantName = "[No Variations]"
Add component (AddParameter): Name = "Manufacturer"; Value = "FGHGF"; VariantName = "[No Variations]"
Add component (AddParameter): Name = "PartNumber"; Value = "0810"; VariantName = "[No Variations]"
Add component (AddParameter): Name = "Value"; Value = "3.72мГн-0.3А-6x8"; VariantName = "[No Variations]"
Added Component: Designator=L2(inductor_0810)
Add component (AddParameter): Name = "Href"; Value = "https://aliexpress.ru/item/1005005459804767.html?sku_id=12000033167843835&spm=a2g2w.productlist.search_results.6.1bc373f3ryn7OB"; VariantName = "[No Variations]"
Add component (AddParameter): Name = "Kind"; Value = "Inductor"; VariantName = "[No Variations]"
Add component (AddParameter): Name = "Manufacturer"; Value = "FGHGF"; VariantName = "[No Variations]"
Add component (AddParameter): Name = "PartNumber"; Value = "0810"; VariantName = "[No Variations]"
Add component (AddParameter): Name = "Value"; Value = "4.61мГн-0.3А-6x8"; VariantName = "[No Variations]"
Added Component: Designator=VD1(DIODE_DO41)
Add component (AddParameter): Name = "Href"; Value = "https://www.chipdip.ru/product/1n4007"; VariantName = "[No Variations]"
Add component (AddParameter): Name = "Kind"; Value = "Diode"; VariantName = "[No Variations]"
Add component (AddParameter): Name = "Manufacturer"; Value = "Diotec Semiconductor"; VariantName = "[No Variations]"
Add component (AddParameter): Name = "PartNumber"; Value = "1N4007"; VariantName = "[No Variations]"
Added Component: Designator=X1(connector_5_pls)
Add component (AddParameter): Name = "Href"; Value = "https://www.chipdip.ru/product/pls-5"; VariantName = "[No Variations]"
Add component (AddParameter): Name = "Kind"; Value = "Connector"; VariantName = "[No Variations]"
Add component (AddParameter): Name = "Manufacturer"; Value = "Connfly electronic (Zhenqin)"; VariantName = "[No Variations]"
Add component (AddParameter): Name = "PartNumber"; Value = "DS1021-1*5SF11-B"; VariantName = "[No Variations]"
Added Pin To Net: NetName=GND Pin=C1-0
Added Pin To Net: NetName=GND Pin=C4-1
Added Pin To Net: NetName=GND Pin=C5-1
Added Pin To Net: NetName=GND Pin=C6-1
Added Pin To Net: NetName=GND Pin=C7-0
Added Pin To Net: NetName=GND Pin=C9-1
Added Pin To Net: NetName=GND Pin=K1-4
Added Pin To Net: NetName=GND Pin=K2-4
Added Pin To Net: NetName=GND Pin=X1-4
Added Net: Name=GND
Added Pin To Net: NetName=NetC1_1 Pin=C1-1
Added Pin To Net: NetName=NetC1_1 Pin=C2-0
Added Pin To Net: NetName=NetC1_1 Pin=C4-0
Added Pin To Net: NetName=NetC1_1 Pin=K1-3
Added Pin To Net: NetName=NetC1_1 Pin=L1-0
Added Net: Name=NetC1_1
Added Pin To Net: NetName=NetC2_1 Pin=C2-1
Added Pin To Net: NetName=NetC2_1 Pin=C3-0
Added Pin To Net: NetName=NetC2_1 Pin=C5-0
Added Pin To Net: NetName=NetC2_1 Pin=C6-0
Added Pin To Net: NetName=NetC2_1 Pin=L1-1
Added Pin To Net: NetName=NetC2_1 Pin=L2-0
Added Net: Name=NetC2_1
Added Pin To Net: NetName=NetC3_1 Pin=C3-1
Added Pin To Net: NetName=NetC3_1 Pin=C7-1
Added Pin To Net: NetName=NetC3_1 Pin=K2-3
Added Pin To Net: NetName=NetC3_1 Pin=L2-1
Added Net: Name=NetC3_1
Added Pin To Net: NetName=NetC8_0 Pin=C8-0
Added Pin To Net: NetName=NetC8_0 Pin=K1-1
Added Pin To Net: NetName=NetC8_0 Pin=K2-1
Added Pin To Net: NetName=NetC8_0 Pin=VD1-0
Added Net: Name=NetC8_0
Added Pin To Net: NetName=NetC8_1 Pin=C8-1
Added Pin To Net: NetName=NetC8_1 Pin=C9-0
Added Pin To Net: NetName=NetC8_1 Pin=K2-8
Added Pin To Net: NetName=NetC8_1 Pin=X1-5
Added Net: Name=NetC8_1
Added Pin To Net: NetName=NetK1_2 Pin=K1-2
Added Pin To Net: NetName=NetK1_2 Pin=X1-2
Added Net: Name=NetK1_2
Added Pin To Net: NetName=NetK1_8 Pin=K1-8
Added Pin To Net: NetName=NetK1_8 Pin=VD1-1
Added Pin To Net: NetName=NetK1_8 Pin=X1-3
Added Net: Name=NetK1_8
Added Pin To Net: NetName=NetK2_2 Pin=K2-2
Added Pin To Net: NetName=NetK2_2 Pin=X1-1
Added Net: Name=NetK2_2
Added Class: Name=schematic
Added Room: Name=schematic
