Added Component: Designator=C1(Capacitor_0805)
Add component. Clean all parameters for all variants
Add component (AddParameter): Name = "Href"; Value = "https://www.chipdip.ru/product0/8044209417"; VariantName = "[No Variations]"
Add component (AddParameter): Name = "Manufacturer"; Value = "Kyocera AVX"; VariantName = "[No Variations]"
Add component (AddParameter): Name = "PartNumber"; Value = "KGQ32DCG2D120JT"; VariantName = "[No Variations]"
Added Component: Designator=C2(Capacitor_0805)
Add component. Clean all parameters for all variants
Add component (AddParameter): Name = "Href"; Value = "https://www.chipdip.ru/product0/8018630498"; VariantName = "[No Variations]"
Add component (AddParameter): Name = "Manufacturer"; Value = "Kemet Electronics"; VariantName = "[No Variations]"
Add component (AddParameter): Name = "PartNumber"; Value = "C1210C100K9RACTU"; VariantName = "[No Variations]"
Added Component: Designator=C3(Capacitor_0805)
Add component. Clean all parameters for all variants
Add component (AddParameter): Name = "Href"; Value = "https://www.chipdip.ru/product0/8018630498"; VariantName = "[No Variations]"
Add component (AddParameter): Name = "Manufacturer"; Value = "Kemet Electronics"; VariantName = "[No Variations]"
Add component (AddParameter): Name = "PartNumber"; Value = "C1210C100K9RACTU"; VariantName = "[No Variations]"
Added Component: Designator=C4(Capacitor_0805)
Add component. Clean all parameters for all variants
Add component (AddParameter): Name = "Href"; Value = "https://www.chipdip.ru/product0/8015826902"; VariantName = "[No Variations]"
Add component (AddParameter): Name = "Manufacturer"; Value = "Murata Electronics"; VariantName = "[No Variations]"
Add component (AddParameter): Name = "PartNumber"; Value = "GRM32A7U3D101JW31D"; VariantName = "[No Variations]"
Added Component: Designator=C5(Capacitor_0805)
Add component. Clean all parameters for all variants
Add component (AddParameter): Name = "Href"; Value = "https://www.chipdip.ru/product0/8007765044"; VariantName = "[No Variations]"
Add component (AddParameter): Name = "Manufacturer"; Value = "Kemet Electronics"; VariantName = "[No Variations]"
Add component (AddParameter): Name = "PartNumber"; Value = "C1210X151J1HACAUTO"; VariantName = "[No Variations]"
Added Component: Designator=C6(Capacitor_0805)
Add component. Clean all parameters for all variants
Add component (AddParameter): Name = "Href"; Value = "https://www.chipdip.ru/product0/8006256032"; VariantName = "[No Variations]"
Add component (AddParameter): Name = "Manufacturer"; Value = "Murata Electronics"; VariantName = "[No Variations]"
Add component (AddParameter): Name = "PartNumber"; Value = "GRM32A7U3D820JW31D"; VariantName = "[No Variations]"
Added Component: Designator=C7(Capacitor_0805)
Add component. Clean all parameters for all variants
Add component (AddParameter): Name = "Href"; Value = "https://www.chipdip.ru/product0/8015826902"; VariantName = "[No Variations]"
Add component (AddParameter): Name = "Manufacturer"; Value = "Murata Electronics"; VariantName = "[No Variations]"
Add component (AddParameter): Name = "PartNumber"; Value = "GRM32A7U3D101JW31D"; VariantName = "[No Variations]"
Added Component: Designator=C8(Capacitor_0805)
Add component. Clean all parameters for all variants
Add component (AddParameter): Name = "Href"; Value = "https://www.chipdip.ru/product/grm32dr72e104k"; VariantName = "[No Variations]"
Add component (AddParameter): Name = "Manufacturer"; Value = "Murata Electronics"; VariantName = "[No Variations]"
Add component (AddParameter): Name = "PartNumber"; Value = "GRM32DR72E104KW01L"; VariantName = "[No Variations]"
Added Component: Designator=C9(Capacitor_0805)
Add component. Clean all parameters for all variants
Add component (AddParameter): Name = "Href"; Value = "https://www.chipdip.ru/product/grm32dr72e104k"; VariantName = "[No Variations]"
Add component (AddParameter): Name = "Manufacturer"; Value = "Murata Electronics"; VariantName = "[No Variations]"
Add component (AddParameter): Name = "PartNumber"; Value = "GRM32DR72E104KW01L"; VariantName = "[No Variations]"
Added Component: Designator=D1(1N4148_MELF)
Add component. Clean all parameters for all variants
Add component (AddParameter): Name = "Href"; Value = ""; VariantName = "[No Variations]"
Add component (AddParameter): Name = "Manufacturer"; Value = ""; VariantName = "[No Variations]"
Add component (AddParameter): Name = "PartNumber"; Value = ""; VariantName = "[No Variations]"
Add component (AddParameter): Name = "Value"; Value = "1N4148"; VariantName = "[No Variations]"
Added Component: Designator=K1(Relay_G6K-2F)
Add component. Clean all parameters for all variants
Added Component: Designator=K2(Relay_G6K-2F)
Add component. Clean all parameters for all variants
Added Component: Designator=L1(Inductor_1210L)
Add component. Clean all parameters for all variants
Added Component: Designator=L2(Inductor_1210L)
Add component. Clean all parameters for all variants
Added Component: Designator=X1(PLS-1x4)
Add component. Clean all parameters for all variants
Add component (AddParameter): Name = "Href"; Value = "https://www.chipdip.ru/product/pls-4?utm_source=direct&utm_medium=cpc&utm_campaign=Y_dinamicheskaya&utm_content=text1_ya&utm_term=---autotargeting&position_type=premium&yclid=14280046024007876607"; VariantName = "[No Variations]"
Add component (AddParameter): Name = "PartNumber"; Value = "DS-1021-1x4SF11-B"; VariantName = "[No Variations]"
Added Pin To Net: NetName=NetC1_0 Pin=C1-0
Added Pin To Net: NetName=NetC1_1 Pin=C1-1
Added Pin To Net: NetName=NetC1_0 Pin=C2-0
Added Pin To Net: NetName=NetC1_1 Pin=C2-1
Added Pin To Net: NetName=NetC1_1 Pin=C3-0
Added Pin To Net: NetName=NetC3_1 Pin=C3-1
Added Pin To Net: NetName=GND Pin=C4-0
Added Pin To Net: NetName=NetC1_0 Pin=C4-1
Added Pin To Net: NetName=GND Pin=C5-0
Added Pin To Net: NetName=NetC1_1 Pin=C5-1
Added Pin To Net: NetName=GND Pin=C6-0
Added Pin To Net: NetName=NetC1_1 Pin=C6-1
Added Pin To Net: NetName=NetC3_1 Pin=C7-0
Added Pin To Net: NetName=GND Pin=C7-1
Added Pin To Net: NetName=NetC8_0 Pin=C8-0
Added Pin To Net: NetName=GND Pin=C9-0
Added Pin To Net: NetName=NetC9_1 Pin=C9-1
Added Pin To Net: NetName=NetC8_0 Pin=D1-1
Added Pin To Net: NetName=NetD1_2 Pin=D1-2
Added Pin To Net: NetName=NetC8_0 Pin=K1-1
Added Pin To Net: NetName=GND Pin=K1-2
Added Pin To Net: NetName=NetC1_0 Pin=K1-3
Added Pin To Net: NetName=NetD1_2 Pin=K1-8
Added Pin To Net: NetName=NetC8_0 Pin=K2-1
Added Pin To Net: NetName=NetC3_1 Pin=K2-3
Added Pin To Net: NetName=NetC9_1 Pin=K2-8
Added Pin To Net: NetName=NetC1_0 Pin=L1-1
Added Pin To Net: NetName=NetC1_1 Pin=L1-2
Added Pin To Net: NetName=NetC1_1 Pin=L2-1
Added Pin To Net: NetName=NetC3_1 Pin=L2-2
Added Pin To Net: NetName=NetC9_1 Pin=X1-2
Added Pin To Net: NetName=NetD1_2 Pin=X1-3
Added Pin To Net: NetName=NetK1_4 Pin=K1-4
Added Pin To Net: NetName=NetK1_4 Pin=X1-4
Added Net: Name=NetK1_4
Added Pin To Net: NetName=NetK2_4 Pin=K2-4
Added Pin To Net: NetName=NetK2_4 Pin=X1-1
Added Net: Name=NetK2_4
Added Member To Class: ClassName=Sheet1 Member=Component C1 12Ô‘-5%-1210
Added Member To Class: ClassName=Sheet1 Member=Component C2 10Ô‘-10%-1210
Added Member To Class: ClassName=Sheet1 Member=Component C3 10Ô‘-5%-1210
Added Member To Class: ClassName=Sheet1 Member=Component C4 100Ô‘-5%-1210
Added Member To Class: ClassName=Sheet1 Member=Component C5 150 Ô‘-5%-1210
Added Member To Class: ClassName=Sheet1 Member=Component C6 82Ô‘-5%-1210
Added Member To Class: ClassName=Sheet1 Member=Component C7 100 Ô‘-5%-1210
Added Member To Class: ClassName=Sheet1 Member=Component C8 0.01 ÏÍ‘-10%-1210
Added Member To Class: ClassName=Sheet1 Member=Component C9 0.01 ÏÍ‘-10%-1210
Added Member To Class: ClassName=Sheet1 Member=Component D1 1N4148
Added Member To Class: ClassName=Sheet1 Member=Component K1 Relay_G6K-2F
Added Member To Class: ClassName=Sheet1 Member=Component K2 Relay_G6K-2F
Added Member To Class: ClassName=Sheet1 Member=Component L1 0.41 ÏÍ√Ì
Added Member To Class: ClassName=Sheet1 Member=Component L2 0.47 ÏÍ√Ì
Added Member To Class: ClassName=Sheet1 Member=Component X1 "–‡Á˙∏Ï˚"
