Add Pin To Net: Unknown Pin: Pin C1-0
Add Pin To Net: Unknown Pin: Pin C1-1
Add Pin To Net: Unknown Pin: Pin C2-0
Add Pin To Net: Unknown Pin: Pin C3-0
Add Pin To Net: Unknown Pin: Pin C3-1
Add Pin To Net: Unknown Pin: Pin C4-0
Add Pin To Net: Unknown Pin: Pin C4-1
Add Pin To Net: Unknown Pin: Pin C5-0
Add Pin To Net: Unknown Pin: Pin C5-1
Add Pin To Net: Unknown Pin: Pin C6-0
Add Pin To Net: Unknown Pin: Pin C7-1
Add Pin To Net: Unknown Pin: Pin C8-1
Add Pin To Net: Unknown Pin: Pin D1-4
Add Pin To Net: Unknown Pin: Pin D1-5
Add Pin To Net: Unknown Pin: Pin K1-2
Add Pin To Net: Unknown Pin: Pin K1-3
Add Pin To Net: Unknown Pin: Pin K1-5
Add Pin To Net: Unknown Pin: Pin K1-6
Add Pin To Net: Unknown Pin: Pin K2-2
Add Pin To Net: Unknown Pin: Pin K2-6
Add Pin To Net: Unknown Pin: Pin L1-3
Add Pin To Net: Unknown Pin: Pin L1-3
Add Pin To Net: Unknown Pin: Pin L2-3
Added Net: Name=NetC2_1
Add Class Member: Failed to add class member : Component C1 33 яд-5%-0805
Add Class Member: Failed to add class member : Component C2 12 яд-5%-0805
Add Class Member: Failed to add class member : Component C3 68 яд-5%-0805
Add Class Member: Failed to add class member : Component C4 100 яд-5%-0805
Add Class Member: Failed to add class member : Component C5 75яд-5%-0805
Add Class Member: Failed to add class member : Component C6 75яд-5%-0805
Add Class Member: Failed to add class member : Component C7 100яд-5%-0805
Add Class Member: Failed to add class member : Component C8 100яд-5%-0805
Add Class Member: Failed to add class member : Component D1 Diode 1N4007
Add Class Member: Failed to add class member : Component K1 Relay-SPDT
Add Class Member: Failed to add class member : Component K2 Relay-SPDT
Add Class Member: Failed to add class member : Component L1 0.25?H-20%-HCI1335-R25
Add Class Member: Failed to add class member : Component L2 0.31?H-20%-0805-R25
