Change Component Comment : Designator=R8 Old Comment=2.7 кќм New Comment=10 кќм
Change Component Comment : Designator=R5 Old Comment=4,7 кќм New Comment=10 кќм
Change Component Comment : Designator=R2 Old Comment=18 кќм New Comment=10 кќм
Change Component Comment : Designator=R1 Old Comment=470 ќм New Comment=10 кќм
Change Component Comment : Designator=R10 Old Comment=470 ќм New Comment=10 кќм
Change component parameters: Designator = "R2" ("R2"); Footprint = "Resistor SMD 0805"; UniqueID = "\FDQLJIGM" ("\FDQLJIGM")
Change component parameters (AddParameter): Name = "chrev"; Value = ""; VariantName = "[No Variations]"
Change component parameters (AddParameter): Name = "partnamber"; Value = ""; VariantName = "[No Variations]"
Change component parameters (AddParameter): Name = "Ќоминал"; Value = ""; VariantName = "[No Variations]"
Change component parameters: Designator = "R4" ("R4"); Footprint = "Resistor SMD 0805"; UniqueID = "\EWOUDXKG" ("\EWOUDXKG")
Change component parameters (AddParameter): Name = "chrev"; Value = ""; VariantName = "[No Variations]"
Change component parameters (AddParameter): Name = "partnamber"; Value = ""; VariantName = "[No Variations]"
Change component parameters (AddParameter): Name = "Ќоминал"; Value = ""; VariantName = "[No Variations]"
Change component parameters: Designator = "R5" ("R5"); Footprint = "Resistor SMD 0805"; UniqueID = "\XVIJJLBR" ("\XVIJJLBR")
Change component parameters (AddParameter): Name = "chrev"; Value = ""; VariantName = "[No Variations]"
Change component parameters (AddParameter): Name = "partnamber"; Value = ""; VariantName = "[No Variations]"
Change component parameters (AddParameter): Name = "Ќоминал"; Value = ""; VariantName = "[No Variations]"
Change component parameters: Designator = "R6" ("R6"); Footprint = "Resistor SMD 0805"; UniqueID = "\MVVAKDOQ" ("\MVVAKDOQ")
Change component parameters (AddParameter): Name = "chrev"; Value = ""; VariantName = "[No Variations]"
Change component parameters (AddParameter): Name = "partnamber"; Value = ""; VariantName = "[No Variations]"
Change component parameters (AddParameter): Name = "Ќоминал"; Value = ""; VariantName = "[No Variations]"
Change component parameters: Designator = "R8" ("R8"); Footprint = "Resistor SMD 0805"; UniqueID = "\KRUMMQPG" ("\KRUMMQPG")
Change component parameters (AddParameter): Name = "chrev"; Value = ""; VariantName = "[No Variations]"
Change component parameters (AddParameter): Name = "partnamber"; Value = ""; VariantName = "[No Variations]"
Change component parameters (AddParameter): Name = "Ќоминал"; Value = ""; VariantName = "[No Variations]"
Change component parameters: Designator = "R9" ("R9"); Footprint = "Resistor SMD 0805"; UniqueID = "\MGUNOJVQ" ("\MGUNOJVQ")
Change component parameters (AddParameter): Name = "chrev"; Value = ""; VariantName = "[No Variations]"
Change component parameters (AddParameter): Name = "partnamber"; Value = ""; VariantName = "[No Variations]"
Change component parameters (AddParameter): Name = "Ќоминал"; Value = ""; VariantName = "[No Variations]"
Change component parameters: Designator = "R10" ("R10"); Footprint = "Resistor SMD 0805"; UniqueID = "\WGWPFTRL" ("\WGWPFTRL")
Change component parameters (AddParameter): Name = "chrev"; Value = ""; VariantName = "[No Variations]"
Change component parameters (AddParameter): Name = "partnamber"; Value = ""; VariantName = "[No Variations]"
Change component parameters (AddParameter): Name = "Ќоминал"; Value = ""; VariantName = "[No Variations]"
Add Pin To Net: Unknown Pin: Pin C1-2
Add Pin To Net: Unknown Pin: Pin C2-2
Add Pin To Net: Unknown Pin: Pin C3-2
Add Pin To Net: Unknown Pin: Pin C4-2
Added Pin To Net: NetName=OffSheet Pin=R1-1
Add Pin To Net: Unknown Pin: Pin R1-2
Added Pin To Net: NetName=NetC3_1 Pin=R2-1
Add Pin To Net: Unknown Pin: Pin R2-2
Added Pin To Net: NetName=NetC3_1 Pin=R4-1
Add Pin To Net: Unknown Pin: Pin R4-2
Add Pin To Net: Unknown Pin: Pin R5-2
Added Pin To Net: NetName=NetC4_1 Pin=R6-1
Add Pin To Net: Unknown Pin: Pin R6-2
Add Pin To Net: Unknown Pin: Pin R7-2
Added Pin To Net: NetName=GND Pin=R8-1
Add Pin To Net: Unknown Pin: Pin R8-2
Added Pin To Net: NetName=GND Pin=R9-1
Add Pin To Net: Unknown Pin: Pin R9-2
Added Pin To Net: NetName=NetR6_2 Pin=R10-1
Added Pin To Net: NetName=NetR5_1 Pin=R5-1
Added Pin To Net: NetName=NetR5_1 Pin=U1-1
Added Net: Name=NetR5_1
