Added Component: Designator=D1(PCBComponent_1 - duplicate1)
Add component (AddParameter): Name = "href"; Value = "https://www.chipdip.ru/product0/8004701593"; VariantName = "[No Variations]"
Add component (AddParameter): Name = "manufacture"; Value = "Diodes Incorporated"; VariantName = "[No Variations]"
Add component (AddParameter): Name = "partnamber"; Value = "D24V0S1U2TQ-7"; VariantName = "[No Variations]"
Added Component: Designator=M1(PCBComponent_1 - duplicate3)
Add component (AddParameter): Name = "efficiency"; Value = ""; VariantName = "[No Variations]"
Add component (AddParameter): Name = "Operating voltage"; Value = ""; VariantName = "[No Variations]"
Add component (AddParameter): Name = "Pin"; Value = ""; VariantName = "[No Variations]"
Added Component: Designator=M2(PCBComponent_1 - duplicate3)
Add component (AddParameter): Name = "efficiency"; Value = ""; VariantName = "[No Variations]"
Add component (AddParameter): Name = "Operating voltage"; Value = ""; VariantName = "[No Variations]"
Add component (AddParameter): Name = "Pin"; Value = ""; VariantName = "[No Variations]"
Added Component: Designator=M3(PCBComponent_1 - duplicate3)
Add component (AddParameter): Name = "efficiency"; Value = ""; VariantName = "[No Variations]"
Add component (AddParameter): Name = "Operating voltage"; Value = ""; VariantName = "[No Variations]"
Add component (AddParameter): Name = "Pin"; Value = ""; VariantName = "[No Variations]"
Added Component: Designator=M4(PCBComponent_1 - duplicate3)
Add component (AddParameter): Name = "efficiency"; Value = ""; VariantName = "[No Variations]"
Add component (AddParameter): Name = "Operating voltage"; Value = ""; VariantName = "[No Variations]"
Add component (AddParameter): Name = "Pin"; Value = ""; VariantName = "[No Variations]"
Added Component: Designator=Q1(transistor)
Add component (AddParameter): Name = "href"; Value = ""; VariantName = "[No Variations]"
Add component (AddParameter): Name = "manufacture"; Value = ""; VariantName = "[No Variations]"
Add component (AddParameter): Name = "partnamber"; Value = ""; VariantName = "[No Variations]"
Added Component: Designator=R1(Resistor SMD 0805)
Add component (AddParameter): Name = "chrev"; Value = ""; VariantName = "[No Variations]"
Add component (AddParameter): Name = "partnamber"; Value = ""; VariantName = "[No Variations]"
Add component (AddParameter): Name = "Ќоминал"; Value = ""; VariantName = "[No Variations]"
Added Component: Designator=R2(Resistor SMD 0805)
Add component (AddParameter): Name = "chrev"; Value = "https://www.chipdip.ru/product0/9001404636"; VariantName = "[No Variations]"
Add component (AddParameter): Name = "partnamber"; Value = "PMR03SJ0183A19"; VariantName = "[No Variations]"
Add component (AddParameter): Name = "ѕроизводительность"; Value = "–езистор: Power metal, THT, 18кќм, 3¬т, ±5%"; VariantName = "[No Variations]"
Added Component: Designator=R3(adj)
Added Component: Designator=R4(Resistor SMD 0805)
Add component (AddParameter): Name = "chrev"; Value = "https://www.chipdip.ru/product/cf-100-s1-4-1w-10-kom-5"; VariantName = "[No Variations]"
Add component (AddParameter): Name = "partnamber"; Value = "CF-1W-10KJ"; VariantName = "[No Variations]"
Add component (AddParameter): Name = "ѕроизводительность"; Value = "10кќм"; VariantName = "[No Variations]"
Added Component: Designator=R5(Resistor SMD 0805)
Add component (AddParameter): Name = "chrev"; Value = "https://www.chipdip.ru/product0/8013449358?from=suggest_product"; VariantName = "[No Variations]"
Add component (AddParameter): Name = "partnamber"; Value = "0805 1% 4K7 RI0805L4701FT"; VariantName = "[No Variations]"
Add component (AddParameter): Name = "ѕроизводительность"; Value = "1% 4K7"; VariantName = "[No Variations]"
Added Component: Designator=R6(Resistor SMD 0805)
Add component (AddParameter): Name = "chrev"; Value = "https://www.chipdip.ru/product/cf-100-s1-4-1w-10-kom-5"; VariantName = "[No Variations]"
Add component (AddParameter): Name = "partnamber"; Value = "CF-1W-10KJ"; VariantName = "[No Variations]"
Add component (AddParameter): Name = "ѕроизводительность"; Value = "10кќм"; VariantName = "[No Variations]"
Added Component: Designator=R7(Resistor SMD 0805)
Add component (AddParameter): Name = "href"; Value = ""; VariantName = "[No Variations]"
Add component (AddParameter): Name = "temperature"; Value = ""; VariantName = "[No Variations]"
Added Component: Designator=R8(Resistor SMD 0805)
Add component (AddParameter): Name = "chrev"; Value = "https://www.chipdip.ru/product0/8009027056?from=suggest_product"; VariantName = "[No Variations]"
Add component (AddParameter): Name = "manufacture"; Value = "Hottech"; VariantName = "[No Variations]"
Add component (AddParameter): Name = "partnamber"; Value = "0805 5% 2K7 RI0805L272JT"; VariantName = "[No Variations]"
Add component (AddParameter): Name = "value"; Value = "resistor2.7 кќм-5%-0805"; VariantName = "[No Variations]"
Added Component: Designator=R9(Resistor SMD 0805)
Add component (AddParameter): Name = "chrev"; Value = "https://www.chipdip.ru/product/cf-100-s1-4-1w-10-kom-5"; VariantName = "[No Variations]"
Add component (AddParameter): Name = "partnamber"; Value = "CF-1W-10KJ"; VariantName = "[No Variations]"
Add component (AddParameter): Name = "Ќоминал"; Value = "10кќм"; VariantName = "[No Variations]"
Added Component: Designator=R10(Resistor SMD 0805)
Add component (AddParameter): Name = "chrev"; Value = "https://www.chipdip.ru/product0/9000856850"; VariantName = "[No Variations]"
Add component (AddParameter): Name = "Manufacturer"; Value = "ROYAL OHM"; VariantName = "[No Variations]"
Add component (AddParameter): Name = "partnamber"; Value = "KNPA1WJ0471A10"; VariantName = "[No Variations]"
Added Component: Designator=U1(PCBComponent_1 - duplicate4)
Added Component: Designator=X2(PCBComponent_1 - duplicate3)
Added Component: Designator=—1(PCBComponent_1 - duplicate2)
Add component (AddParameter): Name = "href"; Value = "https://www.chipdip.ru/product0/8005615214?from=suggest_product"; VariantName = "[No Variations]"
Add component (AddParameter): Name = "manufacture"; Value = "Nichicon Corp."; VariantName = "[No Variations]"
Add component (AddParameter): Name = "partnamber"; Value = "LNR2A224MSE"; VariantName = "[No Variations]"
Add Pin To Net: Unknown Pin: Pin C1-2
Add Pin To Net: Unknown Pin: Pin C1-3
Add Pin To Net: Unknown Pin: Pin C2-2
Add Pin To Net: Unknown Pin: Pin C2-3
Add Pin To Net: Unknown Pin: Pin C3-2
Add Pin To Net: Unknown Pin: Pin C3-3
Add Pin To Net: Unknown Pin: Pin C4-2
Add Pin To Net: Unknown Pin: Pin C4-3
Added Pin To Net: NetName=NetC1_3 Pin=D1-1
Added Pin To Net: NetName=GND Pin=D1-2
Added Pin To Net: NetName=OffSheet Pin=M1-1
Added Pin To Net: NetName=NetM1_2 Pin=M1-2
Added Pin To Net: NetName=NetM1_2 Pin=M2-1
Added Pin To Net: NetName=NetM2_2 Pin=M2-2
Added Pin To Net: NetName=NetM2_2 Pin=M3-1
Added Pin To Net: NetName=NetM3_2 Pin=M3-2
Added Pin To Net: NetName=NetM3_2 Pin=M4-1
Added Pin To Net: NetName=NetM4_2 Pin=M4-2
Added Pin To Net: NetName=NetM4_2 Pin=Q1-1
Added Pin To Net: NetName=NetC2_3 Pin=Q1-2
Added Pin To Net: NetName=GND Pin=Q1-3
Add Pin To Net: Unknown Pin: Pin R1-2
Add Pin To Net: Unknown Pin: Pin R1-3
Add Pin To Net: Unknown Pin: Pin R2-2
Add Pin To Net: Unknown Pin: Pin R2-3
Added Pin To Net: NetName=NetC1_3 Pin=R3-1
Added Pin To Net: NetName=NetC1_3 Pin=R3-2
Added Pin To Net: NetName=NetC4_2 Pin=R3-3
Add Pin To Net: Unknown Pin: Pin R4-2
Add Pin To Net: Unknown Pin: Pin R4-3
Add Pin To Net: Unknown Pin: Pin R5-2
Add Pin To Net: Unknown Pin: Pin R5-3
Add Pin To Net: Unknown Pin: Pin R6-2
Add Pin To Net: Unknown Pin: Pin R6-3
Added Pin To Net: NetName=NetC3_2 Pin=R7-1
Add Pin To Net: Unknown Pin: Pin R7-2
Add Pin To Net: Unknown Pin: Pin R8-2
Add Pin To Net: Unknown Pin: Pin R8-3
Add Pin To Net: Unknown Pin: Pin R9-2
Add Pin To Net: Unknown Pin: Pin R9-3
Add Pin To Net: Unknown Pin: Pin R10-2
Add Pin To Net: Unknown Pin: Pin R10-3
Added Pin To Net: NetName=NetR5_3 Pin=U1-1
Added Pin To Net: NetName=NetR4_2 Pin=U1-2
Added Pin To Net: NetName=NetR6_2 Pin=U1-3
Added Pin To Net: NetName=GND Pin=U1-4
Added Pin To Net: NetName=NetC1_3 Pin=U1-8
Added Pin To Net: NetName=NetM4_2 Pin=X2-1
Added Pin To Net: NetName=GND Pin=X2-2
Added Pin To Net: NetName=OffSheet Pin=—1-1
Added Pin To Net: NetName=GND Pin=—1-2
Add Class Member: Failed to add class member : Component C1 1к‘
Add Class Member: Failed to add class member : Component C2 0.047мк‘
Add Class Member: Failed to add class member : Component C3 1к‘
Add Class Member: Failed to add class member : Component C4 1к‘
Added Member To Class: ClassName=Ё3 Member=Component D1 diod_stabilitron
Added Member To Class: ClassName=Ё3 Member=Component M1 FUN
Added Member To Class: ClassName=Ё3 Member=Component M2 FUN
Added Member To Class: ClassName=Ё3 Member=Component M3 FUN
Added Member To Class: ClassName=Ё3 Member=Component M4 FUN
Added Member To Class: ClassName=Ё3 Member=Component Q1 BD139
Added Member To Class: ClassName=Ё3 Member=Component R1 470 ќм
Added Member To Class: ClassName=Ё3 Member=Component R2 18 кќм
Added Member To Class: ClassName=Ё3 Member=Component R3 1кќм
Added Member To Class: ClassName=Ё3 Member=Component R4 10 кќм
Added Member To Class: ClassName=Ё3 Member=Component R5 4,7 кќм
Added Member To Class: ClassName=Ё3 Member=Component R6 10 кќм
Added Member To Class: ClassName=Ё3 Member=Component R7 1кќм
Added Member To Class: ClassName=Ё3 Member=Component R8 2.7 кќм
Added Member To Class: ClassName=Ё3 Member=Component R9 10 кќм
Added Member To Class: ClassName=Ё3 Member=Component R10 470 ќм
Added Member To Class: ClassName=Ё3 Member=Component U1 5218L
Added Member To Class: ClassName=Ё3 Member=Component X2 Header 2
Added Member To Class: ClassName=Ё3 Member=Component —1 220000F
