Added Component: Designator=C1(PCBComponent_1)
Added Component: Designator=C2(PCBComponent_1)
Added Component: Designator=C3(PCBComponent_1)
Added Component: Designator=C4(PCBComponent_1)
Added Pin To Net: NetName=GND Pin=C1-1
Add Pin To Net: Unknown Pin: Pin C1-2
Added Pin To Net: NetName=GND Pin=C2-1
Add Pin To Net: Unknown Pin: Pin C3-2
Add Pin To Net: Unknown Pin: Pin C4-2
Add Pin To Net: Unknown Pin: Pin R1-2
Add Pin To Net: Unknown Pin: Pin R1-3
Add Pin To Net: Unknown Pin: Pin R2-2
Add Pin To Net: Unknown Pin: Pin R4-2
Add Pin To Net: Unknown Pin: Pin R5-3
Add Pin To Net: Unknown Pin: Pin R6-2
Add Pin To Net: Unknown Pin: Pin R7-2
Add Pin To Net: Unknown Pin: Pin R8-3
Add Pin To Net: Unknown Pin: Pin R9-3
Add Pin To Net: Unknown Pin: Pin R10-2
Add Pin To Net: Unknown Pin: Pin R10-3
Change Net Name : Old Net Name=NetC1_3 New Net Name=NetC1_2
Added Pin To Net: NetName=NetC2_2 Pin=Q1-2
Added Net: Name=NetC2_2
Added Pin To Net: NetName=NetC4_1 Pin=C4-1
Added Pin To Net: NetName=NetC4_1 Pin=R3-3
Added Net: Name=NetC4_1
Added Pin To Net: NetName=NetR2_3 Pin=R7-1
Added Net: Name=NetR2_3
Added Member To Class: ClassName=›3 Member=Component C1 1ÏÍF
Added Member To Class: ClassName=›3 Member=Component C2 0.047 ÏÍF
Added Member To Class: ClassName=›3 Member=Component C3 1ÏÍF
Added Member To Class: ClassName=›3 Member=Component C4 1ÏÍF
