Change Component Designator: Old Designator=C1 New Designator=C?
Change Component Designator: Old Designator=C2 New Designator=C?
Change Component Designator: Old Designator=C3 New Designator=C?
Change Component Designator: Old Designator=C4 New Designator=C?
Change Component Designator: Old Designator=D1 New Designator=D?
Change Component Designator: Old Designator=M1 New Designator=M?
Change Component Designator: Old Designator=M2 New Designator=M?
Change Component Designator: Old Designator=M3 New Designator=M?
Change Component Designator: Old Designator=M4 New Designator=M?
Change Component Designator: Old Designator=Q1 New Designator=Q?
Change Component Designator: Old Designator=R1 New Designator=R?
Change Component Designator: Old Designator=R2 New Designator=R?
Change Component Designator: Old Designator=R3 New Designator=R?
Change Component Designator: Old Designator=R4 New Designator=R?
Change Component Designator: Old Designator=R5 New Designator=R?
Change Component Designator: Old Designator=R6 New Designator=R?
Change Component Designator: Old Designator=R7 New Designator=R?
Change Component Designator: Old Designator=R8 New Designator=R?
Change Component Designator: Old Designator=R9 New Designator=R?
Change Component Designator: Old Designator=R10 New Designator=R?
Change Component Designator: Old Designator=U1 New Designator=U?
Change Component Designator: Old Designator=X1 New Designator=X?
Change Component Designator: Old Designator=XN1 New Designator=XN?
Change Component Designator: Old Designator=Ñ1 New Designator=Ñ?
