Replace Part * operasion_ysil in D:\Downloads\Telegram Desktop\Voropaeva\Voropaeva\Э3.SchDoc with operasion_ysil from Резистор 0805.SchLib
Replace Part * transistor in D:\Downloads\Telegram Desktop\Voropaeva\Voropaeva\Э3.SchDoc with transistor from Резистор 0805.SchLib
Replace Part C1 Capacitor in D:\Downloads\Telegram Desktop\Voropaeva\Voropaeva\Э3.SchDoc with Capacitor from Discrete.SchLib
Replace Part R1 resistor_SMD0805 in D:\Downloads\Telegram Desktop\Voropaeva\Voropaeva\Э3.SchDoc with resistor_SMD0805 from Резистор 0805.SchLib
Replace Part R2 ADJ resistor in D:\Downloads\Telegram Desktop\Voropaeva\Voropaeva\Э3.SchDoc with ADJ resistor from Discrete.IntLib
Replace Part R3 resistor_SMD0805 in D:\Downloads\Telegram Desktop\Voropaeva\Voropaeva\Э3.SchDoc with resistor_SMD0805 from Резистор 0805.SchLib
Replace Part R4 resistor_SMD0805 in D:\Downloads\Telegram Desktop\Voropaeva\Voropaeva\Э3.SchDoc with resistor_SMD0805 from Резистор 0805.SchLib
Replace Part R5 resistor_SMD0805 in D:\Downloads\Telegram Desktop\Voropaeva\Voropaeva\Э3.SchDoc with resistor_SMD0805 from Резистор 0805.SchLib
Replace Part R6 resistor_SMD0805 in D:\Downloads\Telegram Desktop\Voropaeva\Voropaeva\Э3.SchDoc with resistor_SMD0805 from Резистор 0805.SchLib
Replace Part R7 resistor_SMD0805 in D:\Downloads\Telegram Desktop\Voropaeva\Voropaeva\Э3.SchDoc with resistor_SMD0805 from Резистор 0805.SchLib
Replace Part R8 resistor_SMD0805 in D:\Downloads\Telegram Desktop\Voropaeva\Voropaeva\Э3.SchDoc with resistor_SMD0805 from Резистор 0805.SchLib
Replace Part R9 resistor_SMD0805 in D:\Downloads\Telegram Desktop\Voropaeva\Voropaeva\Э3.SchDoc with resistor_SMD0805 from Резистор 0805.SchLib
Replace Part R10 ADJ resistor in D:\Downloads\Telegram Desktop\Voropaeva\Voropaeva\Э3.SchDoc with ADJ resistor from Discrete.IntLib
Replace Part VD1 TVS-diod in D:\Downloads\Telegram Desktop\Voropaeva\Voropaeva\Э3.SchDoc with TVS-diod from Diods.SchLib
Replace Part X1 2-Connector in D:\Downloads\Telegram Desktop\Voropaeva\Voropaeva\Э3.SchDoc with 2-Connector from Connectors.SchLib
Replace Part X2 2-Connector in D:\Downloads\Telegram Desktop\Voropaeva\Voropaeva\Э3.SchDoc with 2-Connector from Connectors.SchLib
Replace Part X3 2-Connector in D:\Downloads\Telegram Desktop\Voropaeva\Voropaeva\Э3.SchDoc with 2-Connector from Connectors.SchLib
Replace Part X4 2-Connector in D:\Downloads\Telegram Desktop\Voropaeva\Voropaeva\Э3.SchDoc with 2-Connector from Connectors.SchLib
Replace Part X5 2-Connector in D:\Downloads\Telegram Desktop\Voropaeva\Voropaeva\Э3.SchDoc with 2-Connector from Connectors.SchLib
Replace Part X6 1-Connector in D:\Downloads\Telegram Desktop\Voropaeva\Voropaeva\Э3.SchDoc with 1-Connector from Connectors.SchLib
Replace Part X7 2-Connector in D:\Downloads\Telegram Desktop\Voropaeva\Voropaeva\Э3.SchDoc with 2-Connector from Connectors.SchLib
Replace Part X8 2-Connector in D:\Downloads\Telegram Desktop\Voropaeva\Voropaeva\Э3.SchDoc with 2-Connector from Connectors.SchLib
Replace Part X9 2-Connector in D:\Downloads\Telegram Desktop\Voropaeva\Voropaeva\Э3.SchDoc with 2-Connector from Connectors.SchLib
Replace Part С1 condensator+ in D:\Downloads\Telegram Desktop\Voropaeva\Voropaeva\Э3.SchDoc with condensator+ from Резистор 0805.SchLib
