Replace Part C1 condensator in D:\Downloads\Telegram Desktop\Voropaeva\Voropaeva\Э3.SchDoc with condensator from Резистор 0805.SchLib
Replace Part C2 condensator in D:\Downloads\Telegram Desktop\Voropaeva\Voropaeva\Э3.SchDoc with condensator from Резистор 0805.SchLib
Replace Part C3 condensator in D:\Downloads\Telegram Desktop\Voropaeva\Voropaeva\Э3.SchDoc with condensator from Резистор 0805.SchLib
Replace Part C4 condensator in D:\Downloads\Telegram Desktop\Voropaeva\Voropaeva\Э3.SchDoc with condensator from Резистор 0805.SchLib
Replace Part D1 diod_stabilitron in D:\Downloads\Telegram Desktop\Voropaeva\Voropaeva\Э3.SchDoc with diod_stabilitron from Резистор 0805.SchLib
Replace Part M1 ventilator in D:\Downloads\Telegram Desktop\Voropaeva\Voropaeva\Э3.SchDoc with ventilator from Резистор 0805.SchLib
Replace Part M2 ventilator in D:\Downloads\Telegram Desktop\Voropaeva\Voropaeva\Э3.SchDoc with ventilator from Резистор 0805.SchLib
Replace Part M3 ventilator in D:\Downloads\Telegram Desktop\Voropaeva\Voropaeva\Э3.SchDoc with ventilator from Резистор 0805.SchLib
Replace Part M4 ventilator in D:\Downloads\Telegram Desktop\Voropaeva\Voropaeva\Э3.SchDoc with ventilator from Резистор 0805.SchLib
Replace Part Q1 transistor in D:\Downloads\Telegram Desktop\Voropaeva\Voropaeva\Э3.SchDoc with transistor from Резистор 0805.SchLib
Replace Part R1 resistor_SMD0805 in D:\Downloads\Telegram Desktop\Voropaeva\Voropaeva\Э3.SchDoc with resistor_SMD0805 from Резистор 0805.SchLib
Replace Part R2 resistor_SMD0805 in D:\Downloads\Telegram Desktop\Voropaeva\Voropaeva\Э3.SchDoc with resistor_SMD0805 from Резистор 0805.SchLib
Replace Part R3 resistor peremen in D:\Downloads\Telegram Desktop\Voropaeva\Voropaeva\Э3.SchDoc with resistor peremen from Резистор 0805.SchLib
Replace Part R4 resistor_SMD0805 in D:\Downloads\Telegram Desktop\Voropaeva\Voropaeva\Э3.SchDoc with resistor_SMD0805 from Резистор 0805.SchLib
Replace Part R5 resistor_SMD0805 in D:\Downloads\Telegram Desktop\Voropaeva\Voropaeva\Э3.SchDoc with resistor_SMD0805 from Резистор 0805.SchLib
Replace Part R6 resistor_SMD0805 in D:\Downloads\Telegram Desktop\Voropaeva\Voropaeva\Э3.SchDoc with resistor_SMD0805 from Резистор 0805.SchLib
Replace Part R7 resistor temerature in D:\Downloads\Telegram Desktop\Voropaeva\Voropaeva\Э3.SchDoc with resistor temerature from Резистор 0805.SchLib
Replace Part R8 resistor_SMD0805 in D:\Downloads\Telegram Desktop\Voropaeva\Voropaeva\Э3.SchDoc with resistor_SMD0805 from Резистор 0805.SchLib
Replace Part R9 resistor_SMD0805 in D:\Downloads\Telegram Desktop\Voropaeva\Voropaeva\Э3.SchDoc with resistor_SMD0805 from Резистор 0805.SchLib
Replace Part R10 resistor_SMD0805 in D:\Downloads\Telegram Desktop\Voropaeva\Voropaeva\Э3.SchDoc with resistor_SMD0805 from Резистор 0805.SchLib
Replace Part U1 operasion_ysil in D:\Downloads\Telegram Desktop\Voropaeva\Voropaeva\Э3.SchDoc with operasion_ysil from Резистор 0805.SchLib
Replace Part X1 rasiom in D:\Downloads\Telegram Desktop\Voropaeva\Voropaeva\Э3.SchDoc with rasiom from Резистор 0805.SchLib
Replace Part С1 condensator+ in D:\Downloads\Telegram Desktop\Voropaeva\Voropaeva\Э3.SchDoc with condensator+ from Резистор 0805.SchLib
