Added Component: Designator=J?(PIN1)
Add component. Clean all parameters for all variants
Add component (AddParameter): Name = "LatestRevisionDate"; Value = "17-Jul-2002"; VariantName = "[No Variations]"
Add component (AddParameter): Name = "LatestRevisionNote"; Value = "Re-released for DXP Platform."; VariantName = "[No Variations]"
Add component (AddParameter): Name = "Publisher"; Value = "Altium Limited"; VariantName = "[No Variations]"
Added Component: Designator=J?(PIN1)
Add component. Clean all parameters for all variants
Add component (AddParameter): Name = "LatestRevisionDate"; Value = "17-Jul-2002"; VariantName = "[No Variations]"
Add component (AddParameter): Name = "LatestRevisionNote"; Value = "Re-released for DXP Platform."; VariantName = "[No Variations]"
Add component (AddParameter): Name = "Publisher"; Value = "Altium Limited"; VariantName = "[No Variations]"
Added Component: Designator=J?(PIN1)
Add component. Clean all parameters for all variants
Add component (AddParameter): Name = "LatestRevisionDate"; Value = "17-Jul-2002"; VariantName = "[No Variations]"
Add component (AddParameter): Name = "LatestRevisionNote"; Value = "Re-released for DXP Platform."; VariantName = "[No Variations]"
Add component (AddParameter): Name = "Publisher"; Value = "Altium Limited"; VariantName = "[No Variations]"
Added Component: Designator=J?(PIN1)
Add component. Clean all parameters for all variants
Add component (AddParameter): Name = "LatestRevisionDate"; Value = "17-Jul-2002"; VariantName = "[No Variations]"
Add component (AddParameter): Name = "LatestRevisionNote"; Value = "Re-released for DXP Platform."; VariantName = "[No Variations]"
Add component (AddParameter): Name = "Publisher"; Value = "Altium Limited"; VariantName = "[No Variations]"
Added Component: Designator=J?(PIN1)
Add component. Clean all parameters for all variants
Add component (AddParameter): Name = "LatestRevisionDate"; Value = "17-Jul-2002"; VariantName = "[No Variations]"
Add component (AddParameter): Name = "LatestRevisionNote"; Value = "Re-released for DXP Platform."; VariantName = "[No Variations]"
Add component (AddParameter): Name = "Publisher"; Value = "Altium Limited"; VariantName = "[No Variations]"
Added Component: Designator=L*(Inductor_1210L)
Add component. Clean all parameters for all variants
Added Component: Designator=L?(Inductor_1210L)
Add component. Clean all parameters for all variants
Added Component: Designator=Ê?(Relay_G6K-2F)
Add component. Clean all parameters for all variants
Added Component: Designator=Ê?(Relay_G6K-2F)
Add component. Clean all parameters for all variants
Added Pin To Net: NetName=NetC9_0 Pin=J?-1
Added Pin To Net: NetName=NetC9_0 Pin=J?-1
Added Pin To Net: NetName=NetD?_2 Pin=J?-1
Added Pin To Net: NetName=NetJ?_1 Pin=J?-1
Added Pin To Net: NetName=NetC9_1 Pin=Ê?-1
Added Pin To Net: NetName=NetJ?_1 Pin=Ê?-4
Added Pin To Net: NetName=NetC9_0 Pin=Ê?-8
Added Pin To Net: NetName=NetD?_2 Pin=Ê?-8
Added Pin To Net: NetName=NetC1_0 Pin=L*-1
Added Pin To Net: NetName=NetC1_0 Pin=L?-2
Added Net: Name=NetC1_0
Added Pin To Net: NetName=NetC1_1 Pin=L*-2
Added Pin To Net: NetName=NetC1_1 Pin=Ê?-3
Added Net: Name=NetC1_1
Added Pin To Net: NetName=NetC2_0 Pin=L?-1
Added Pin To Net: NetName=NetC2_0 Pin=Ê?-3
Added Net: Name=NetC2_0
Added Member To Class: ClassName=Sheet1 Member=Component J? Socket
Added Member To Class: ClassName=Sheet1 Member=Component J? Socket
Added Member To Class: ClassName=Sheet1 Member=Component J? Socket
Added Member To Class: ClassName=Sheet1 Member=Component J? Socket
Added Member To Class: ClassName=Sheet1 Member=Component J? Socket
Added Member To Class: ClassName=Sheet1 Member=Component L* Inductor_1210
Added Member To Class: ClassName=Sheet1 Member=Component L? Inductor_1210
Added Member To Class: ClassName=Sheet1 Member=Component Ê? Relay_G6K-2F
Added Member To Class: ClassName=Sheet1 Member=Component Ê? Relay_G6K-2F
Added Room: Name=Sheet1
