Added Component: Designator=*(Inductor_1210L)
Add component. Clean all parameters for all variants
Added Component: Designator=*(Inductor_1210L)
Add component. Clean all parameters for all variants
Added Component: Designator=R?(Relay_G6K-2F)
Add component. Clean all parameters for all variants
Added Component: Designator=R?(Relay_G6K-2F)
Add component. Clean all parameters for all variants
Added Pin To Net: NetName=Net*_1 Pin=*-1
Added Pin To Net: NetName=Net*_1 Pin=*-2
Added Pin To Net: NetName=Net*_2 Pin=*-2
Added Pin To Net: NetName=NetC9_1 Pin=R?-1
Added Pin To Net: NetName=NetC9_1 Pin=R?-1
Added Pin To Net: NetName=NetC9_0 Pin=R?-8
Added Pin To Net: NetName=NetD?_2 Pin=R?-8
Added Member To Class: ClassName=Sheet1 Member=Component * Inductor_1210
Added Member To Class: ClassName=Sheet1 Member=Component * Inductor_1210
Added Member To Class: ClassName=Sheet1 Member=Component R? Relay_G6K-2F
Added Member To Class: ClassName=Sheet1 Member=Component R? Relay_G6K-2F
Added Room: Name=Sheet1
