Added Component: Designator=C?(Capacitor_0805)
Add component. Clean all parameters for all variants
Add component (AddParameter): Name = "Href"; Value = ""; VariantName = "[No Variations]"
Add component (AddParameter): Name = "Manufacturer"; Value = ""; VariantName = "[No Variations]"
Add component (AddParameter): Name = "PartNumber"; Value = ""; VariantName = "[No Variations]"
Added Component: Designator=C?(Capacitor_0805)
Add component. Clean all parameters for all variants
Add component (AddParameter): Name = "Href"; Value = ""; VariantName = "[No Variations]"
Add component (AddParameter): Name = "Manufacturer"; Value = ""; VariantName = "[No Variations]"
Add component (AddParameter): Name = "PartNumber"; Value = ""; VariantName = "[No Variations]"
Added Component: Designator=C?(Capacitor_0805)
Add component. Clean all parameters for all variants
Add component (AddParameter): Name = "Href"; Value = ""; VariantName = "[No Variations]"
Add component (AddParameter): Name = "Manufacturer"; Value = ""; VariantName = "[No Variations]"
Add component (AddParameter): Name = "PartNumber"; Value = ""; VariantName = "[No Variations]"
Added Component: Designator=C?(Capacitor_0805)
Add component. Clean all parameters for all variants
Add component (AddParameter): Name = "Href"; Value = ""; VariantName = "[No Variations]"
Add component (AddParameter): Name = "Manufacturer"; Value = ""; VariantName = "[No Variations]"
Add component (AddParameter): Name = "PartNumber"; Value = ""; VariantName = "[No Variations]"
Added Component: Designator=C?(Capacitor_0805)
Add component. Clean all parameters for all variants
Add component (AddParameter): Name = "Href"; Value = ""; VariantName = "[No Variations]"
Add component (AddParameter): Name = "Manufacturer"; Value = ""; VariantName = "[No Variations]"
Add component (AddParameter): Name = "PartNumber"; Value = ""; VariantName = "[No Variations]"
Added Component: Designator=C?(Capacitor_0805)
Add component. Clean all parameters for all variants
Add component (AddParameter): Name = "Href"; Value = ""; VariantName = "[No Variations]"
Add component (AddParameter): Name = "Manufacturer"; Value = ""; VariantName = "[No Variations]"
Add component (AddParameter): Name = "PartNumber"; Value = ""; VariantName = "[No Variations]"
Added Component: Designator=C?(Capacitor_0805)
Add component. Clean all parameters for all variants
Add component (AddParameter): Name = "Href"; Value = ""; VariantName = "[No Variations]"
Add component (AddParameter): Name = "Manufacturer"; Value = ""; VariantName = "[No Variations]"
Add component (AddParameter): Name = "PartNumber"; Value = ""; VariantName = "[No Variations]"
Added Component: Designator=C?(Capacitor_0805)
Add component. Clean all parameters for all variants
Add component (AddParameter): Name = "Href"; Value = ""; VariantName = "[No Variations]"
Add component (AddParameter): Name = "Manufacturer"; Value = ""; VariantName = "[No Variations]"
Add component (AddParameter): Name = "PartNumber"; Value = ""; VariantName = "[No Variations]"
Added Component: Designator=C?(Capacitor_0805)
Add component. Clean all parameters for all variants
Add component (AddParameter): Name = "Href"; Value = ""; VariantName = "[No Variations]"
Add component (AddParameter): Name = "Manufacturer"; Value = ""; VariantName = "[No Variations]"
Add component (AddParameter): Name = "PartNumber"; Value = ""; VariantName = "[No Variations]"
Added Component: Designator=C?(Capacitor_0805)
Add component. Clean all parameters for all variants
Add component (AddParameter): Name = "Href"; Value = ""; VariantName = "[No Variations]"
Add component (AddParameter): Name = "Manufacturer"; Value = ""; VariantName = "[No Variations]"
Add component (AddParameter): Name = "PartNumber"; Value = ""; VariantName = "[No Variations]"
Added Component: Designator=J?(PIN1)
Add component. Clean all parameters for all variants
Add component (AddParameter): Name = "LatestRevisionDate"; Value = "17-Jul-2002"; VariantName = "[No Variations]"
Add component (AddParameter): Name = "LatestRevisionNote"; Value = "Re-released for DXP Platform."; VariantName = "[No Variations]"
Add component (AddParameter): Name = "Publisher"; Value = "Altium Limited"; VariantName = "[No Variations]"
Added Component: Designator=J?(PIN1)
Add component. Clean all parameters for all variants
Add component (AddParameter): Name = "LatestRevisionDate"; Value = "17-Jul-2002"; VariantName = "[No Variations]"
Add component (AddParameter): Name = "LatestRevisionNote"; Value = "Re-released for DXP Platform."; VariantName = "[No Variations]"
Add component (AddParameter): Name = "Publisher"; Value = "Altium Limited"; VariantName = "[No Variations]"
Added Component: Designator=J?(PIN1)
Add component. Clean all parameters for all variants
Add component (AddParameter): Name = "LatestRevisionDate"; Value = "17-Jul-2002"; VariantName = "[No Variations]"
Add component (AddParameter): Name = "LatestRevisionNote"; Value = "Re-released for DXP Platform."; VariantName = "[No Variations]"
Add component (AddParameter): Name = "Publisher"; Value = "Altium Limited"; VariantName = "[No Variations]"
Added Component: Designator=J?(PIN1)
Add component. Clean all parameters for all variants
Add component (AddParameter): Name = "LatestRevisionDate"; Value = "17-Jul-2002"; VariantName = "[No Variations]"
Add component (AddParameter): Name = "LatestRevisionNote"; Value = "Re-released for DXP Platform."; VariantName = "[No Variations]"
Add component (AddParameter): Name = "Publisher"; Value = "Altium Limited"; VariantName = "[No Variations]"
Added Component: Designator=J?(PIN1)
Add component. Clean all parameters for all variants
Add component (AddParameter): Name = "LatestRevisionDate"; Value = "17-Jul-2002"; VariantName = "[No Variations]"
Add component (AddParameter): Name = "LatestRevisionNote"; Value = "Re-released for DXP Platform."; VariantName = "[No Variations]"
Add component (AddParameter): Name = "Publisher"; Value = "Altium Limited"; VariantName = "[No Variations]"
Added Component: Designator=K?(Relay_G6K-2F)
Add component. Clean all parameters for all variants
Added Component: Designator=K?(Relay_G6K-2F)
Add component. Clean all parameters for all variants
Added Component: Designator=L*(Inductor_1210L)
Add component. Clean all parameters for all variants
Added Component: Designator=L?(Inductor_1210L)
Add component. Clean all parameters for all variants
Added Pin To Net: NetName=NetC?_0 Pin=C?-0
Added Pin To Net: NetName=NetC?_0 Pin=C?-0
Added Pin To Net: NetName=NetC?_0 Pin=C?-1
Added Pin To Net: NetName=NetC?_0 Pin=C?-1
Added Pin To Net: NetName=NetC?_0 Pin=C?-1
Added Pin To Net: NetName=NetC?_1 Pin=C?-1
Added Pin To Net: NetName=NetC?_1 Pin=C?-1
Added Pin To Net: NetName=NetC?_1 Pin=J?-1
Added Pin To Net: NetName=NetC?_1 Pin=J?-1
Added Pin To Net: NetName=NetD?_2 Pin=J?-1
Added Pin To Net: NetName=NetJ?_1 Pin=J?-1
Added Pin To Net: NetName=NetJ?_1 Pin=K?-4
Added Pin To Net: NetName=NetC?_1 Pin=K?-8
Added Pin To Net: NetName=NetD?_2 Pin=K?-8
Added Pin To Net: NetName=NetC?_0 Pin=L*-1
Added Pin To Net: NetName=NetC?_0 Pin=L?-2
Added Member To Class: ClassName=Sheet1 Member=Component C? 0,01 ÏÍ‘-5%-0805
Added Member To Class: ClassName=Sheet1 Member=Component C? 0,01 ÏÍ‘-5%-0805
Added Member To Class: ClassName=Sheet1 Member=Component C? 0,01 ÏÍ‘-5%-0805
Added Member To Class: ClassName=Sheet1 Member=Component C? 0,01 ÏÍ‘-5%-0805
Added Member To Class: ClassName=Sheet1 Member=Component C? 0,01 ÏÍ‘-5%-0805
Added Member To Class: ClassName=Sheet1 Member=Component C? 0,01 ÏÍ‘-5%-0805
Added Member To Class: ClassName=Sheet1 Member=Component C? 0,01 ÏÍ‘-5%-0805
Added Member To Class: ClassName=Sheet1 Member=Component C? 0,01 ÏÍ‘-5%-0805
Added Member To Class: ClassName=Sheet1 Member=Component C? 0,01 ÏÍ‘-5%-0805
Added Member To Class: ClassName=Sheet1 Member=Component C? 0,01 ÏÍ‘-5%-0805
Added Member To Class: ClassName=Sheet1 Member=Component J? Socket
Added Member To Class: ClassName=Sheet1 Member=Component J? Socket
Added Member To Class: ClassName=Sheet1 Member=Component J? Socket
Added Member To Class: ClassName=Sheet1 Member=Component J? Socket
Added Member To Class: ClassName=Sheet1 Member=Component J? Socket
Added Member To Class: ClassName=Sheet1 Member=Component K? Relay_G6K-2F
Added Member To Class: ClassName=Sheet1 Member=Component K? Relay_G6K-2F
Added Member To Class: ClassName=Sheet1 Member=Component L* Inductor_1210
Added Member To Class: ClassName=Sheet1 Member=Component L? Inductor_1210
Added Room: Name=Sheet1
